[2026-05-15T16:40:48.172+0000] {processor.py:161} INFO - Started process (PID=222) to work on /opt/airflow/dags/gmv_hist_dag.py
[2026-05-15T16:40:48.177+0000] {processor.py:830} INFO - Processing file /opt/airflow/dags/gmv_hist_dag.py for tasks to queue
[2026-05-15T16:40:48.180+0000] {logging_mixin.py:188} INFO - [2026-05-15T16:40:48.179+0000] {dagbag.py:538} INFO - Filling up the DagBag from /opt/airflow/dags/gmv_hist_dag.py
[2026-05-15T16:40:48.277+0000] {processor.py:840} INFO - DAG(s) 'gmv_hist_pipeline' retrieved from /opt/airflow/dags/gmv_hist_dag.py
[2026-05-15T16:40:49.058+0000] {logging_mixin.py:188} INFO - [2026-05-15T16:40:49.058+0000] {dag.py:3036} INFO - Sync 1 DAGs
[2026-05-15T16:40:49.098+0000] {logging_mixin.py:188} INFO - [2026-05-15T16:40:49.098+0000] {dag.py:3823} INFO - Setting next_dagrun for gmv_hist_pipeline to 2026-05-15 06:00:00+00:00, run_after=2026-05-16 06:00:00+00:00
[2026-05-15T16:40:49.133+0000] {processor.py:183} INFO - Processing /opt/airflow/dags/gmv_hist_dag.py took 0.992 seconds
[2026-05-15T16:41:19.903+0000] {processor.py:161} INFO - Started process (PID=248) to work on /opt/airflow/dags/gmv_hist_dag.py
[2026-05-15T16:41:19.913+0000] {processor.py:830} INFO - Processing file /opt/airflow/dags/gmv_hist_dag.py for tasks to queue
[2026-05-15T16:41:19.914+0000] {logging_mixin.py:188} INFO - [2026-05-15T16:41:19.914+0000] {dagbag.py:538} INFO - Filling up the DagBag from /opt/airflow/dags/gmv_hist_dag.py
[2026-05-15T16:41:19.941+0000] {processor.py:840} INFO - DAG(s) 'gmv_hist_pipeline' retrieved from /opt/airflow/dags/gmv_hist_dag.py
[2026-05-15T16:41:19.991+0000] {logging_mixin.py:188} INFO - [2026-05-15T16:41:19.990+0000] {dag.py:3036} INFO - Sync 1 DAGs
[2026-05-15T16:41:20.018+0000] {logging_mixin.py:188} INFO - [2026-05-15T16:41:20.017+0000] {dag.py:3823} INFO - Setting next_dagrun for gmv_hist_pipeline to 2026-05-15 06:00:00+00:00, run_after=2026-05-16 06:00:00+00:00
[2026-05-15T16:41:20.046+0000] {processor.py:183} INFO - Processing /opt/airflow/dags/gmv_hist_dag.py took 0.146 seconds
[2026-05-15T16:41:50.222+0000] {processor.py:161} INFO - Started process (PID=259) to work on /opt/airflow/dags/gmv_hist_dag.py
[2026-05-15T16:41:50.223+0000] {processor.py:830} INFO - Processing file /opt/airflow/dags/gmv_hist_dag.py for tasks to queue
[2026-05-15T16:41:50.225+0000] {logging_mixin.py:188} INFO - [2026-05-15T16:41:50.224+0000] {dagbag.py:538} INFO - Filling up the DagBag from /opt/airflow/dags/gmv_hist_dag.py
[2026-05-15T16:41:50.249+0000] {processor.py:840} INFO - DAG(s) 'gmv_hist_pipeline' retrieved from /opt/airflow/dags/gmv_hist_dag.py
[2026-05-15T16:41:50.279+0000] {logging_mixin.py:188} INFO - [2026-05-15T16:41:50.279+0000] {dag.py:3036} INFO - Sync 1 DAGs
[2026-05-15T16:41:50.302+0000] {logging_mixin.py:188} INFO - [2026-05-15T16:41:50.301+0000] {dag.py:3823} INFO - Setting next_dagrun for gmv_hist_pipeline to 2026-05-15 06:00:00+00:00, run_after=2026-05-16 06:00:00+00:00
[2026-05-15T16:41:50.321+0000] {processor.py:183} INFO - Processing /opt/airflow/dags/gmv_hist_dag.py took 0.104 seconds
[2026-05-15T16:42:21.192+0000] {processor.py:161} INFO - Started process (PID=264) to work on /opt/airflow/dags/gmv_hist_dag.py
[2026-05-15T16:42:21.192+0000] {processor.py:830} INFO - Processing file /opt/airflow/dags/gmv_hist_dag.py for tasks to queue
[2026-05-15T16:42:21.193+0000] {logging_mixin.py:188} INFO - [2026-05-15T16:42:21.193+0000] {dagbag.py:538} INFO - Filling up the DagBag from /opt/airflow/dags/gmv_hist_dag.py
[2026-05-15T16:42:21.219+0000] {processor.py:840} INFO - DAG(s) 'gmv_hist_pipeline' retrieved from /opt/airflow/dags/gmv_hist_dag.py
[2026-05-15T16:42:21.252+0000] {logging_mixin.py:188} INFO - [2026-05-15T16:42:21.252+0000] {dag.py:3036} INFO - Sync 1 DAGs
[2026-05-15T16:42:21.274+0000] {logging_mixin.py:188} INFO - [2026-05-15T16:42:21.274+0000] {dag.py:3823} INFO - Setting next_dagrun for gmv_hist_pipeline to 2026-05-15 06:00:00+00:00, run_after=2026-05-16 06:00:00+00:00
[2026-05-15T16:42:21.293+0000] {processor.py:183} INFO - Processing /opt/airflow/dags/gmv_hist_dag.py took 0.105 seconds
[2026-05-15T16:42:52.129+0000] {processor.py:161} INFO - Started process (PID=269) to work on /opt/airflow/dags/gmv_hist_dag.py
[2026-05-15T16:42:52.130+0000] {processor.py:830} INFO - Processing file /opt/airflow/dags/gmv_hist_dag.py for tasks to queue
[2026-05-15T16:42:52.132+0000] {logging_mixin.py:188} INFO - [2026-05-15T16:42:52.131+0000] {dagbag.py:538} INFO - Filling up the DagBag from /opt/airflow/dags/gmv_hist_dag.py
[2026-05-15T16:42:52.158+0000] {processor.py:840} INFO - DAG(s) 'gmv_hist_pipeline' retrieved from /opt/airflow/dags/gmv_hist_dag.py
[2026-05-15T16:42:52.184+0000] {logging_mixin.py:188} INFO - [2026-05-15T16:42:52.184+0000] {dag.py:3036} INFO - Sync 1 DAGs
[2026-05-15T16:42:52.207+0000] {logging_mixin.py:188} INFO - [2026-05-15T16:42:52.207+0000] {dag.py:3823} INFO - Setting next_dagrun for gmv_hist_pipeline to 2026-05-15 06:00:00+00:00, run_after=2026-05-16 06:00:00+00:00
[2026-05-15T16:42:52.277+0000] {processor.py:183} INFO - Processing /opt/airflow/dags/gmv_hist_dag.py took 0.151 seconds
[2026-05-15T16:43:22.968+0000] {processor.py:161} INFO - Started process (PID=276) to work on /opt/airflow/dags/gmv_hist_dag.py
[2026-05-15T16:43:22.970+0000] {processor.py:830} INFO - Processing file /opt/airflow/dags/gmv_hist_dag.py for tasks to queue
[2026-05-15T16:43:22.971+0000] {logging_mixin.py:188} INFO - [2026-05-15T16:43:22.970+0000] {dagbag.py:538} INFO - Filling up the DagBag from /opt/airflow/dags/gmv_hist_dag.py
[2026-05-15T16:43:22.996+0000] {processor.py:840} INFO - DAG(s) 'gmv_hist_pipeline' retrieved from /opt/airflow/dags/gmv_hist_dag.py
[2026-05-15T16:43:23.027+0000] {logging_mixin.py:188} INFO - [2026-05-15T16:43:23.027+0000] {dag.py:3036} INFO - Sync 1 DAGs
[2026-05-15T16:43:23.053+0000] {logging_mixin.py:188} INFO - [2026-05-15T16:43:23.053+0000] {dag.py:3823} INFO - Setting next_dagrun for gmv_hist_pipeline to 2026-05-15 06:00:00+00:00, run_after=2026-05-16 06:00:00+00:00
[2026-05-15T16:43:23.072+0000] {processor.py:183} INFO - Processing /opt/airflow/dags/gmv_hist_dag.py took 0.109 seconds
[2026-05-15T16:43:53.329+0000] {processor.py:161} INFO - Started process (PID=306) to work on /opt/airflow/dags/gmv_hist_dag.py
[2026-05-15T16:43:53.330+0000] {processor.py:830} INFO - Processing file /opt/airflow/dags/gmv_hist_dag.py for tasks to queue
[2026-05-15T16:43:53.331+0000] {logging_mixin.py:188} INFO - [2026-05-15T16:43:53.331+0000] {dagbag.py:538} INFO - Filling up the DagBag from /opt/airflow/dags/gmv_hist_dag.py
[2026-05-15T16:43:53.365+0000] {processor.py:840} INFO - DAG(s) 'gmv_hist_pipeline' retrieved from /opt/airflow/dags/gmv_hist_dag.py
[2026-05-15T16:43:53.389+0000] {logging_mixin.py:188} INFO - [2026-05-15T16:43:53.389+0000] {dag.py:3036} INFO - Sync 1 DAGs
[2026-05-15T16:43:53.410+0000] {logging_mixin.py:188} INFO - [2026-05-15T16:43:53.410+0000] {dag.py:3823} INFO - Setting next_dagrun for gmv_hist_pipeline to 2026-05-15 06:00:00+00:00, run_after=2026-05-16 06:00:00+00:00
[2026-05-15T16:43:53.428+0000] {processor.py:183} INFO - Processing /opt/airflow/dags/gmv_hist_dag.py took 0.103 seconds
[2026-05-15T16:44:23.476+0000] {processor.py:161} INFO - Started process (PID=311) to work on /opt/airflow/dags/gmv_hist_dag.py
[2026-05-15T16:44:23.477+0000] {processor.py:830} INFO - Processing file /opt/airflow/dags/gmv_hist_dag.py for tasks to queue
[2026-05-15T16:44:23.479+0000] {logging_mixin.py:188} INFO - [2026-05-15T16:44:23.478+0000] {dagbag.py:538} INFO - Filling up the DagBag from /opt/airflow/dags/gmv_hist_dag.py
[2026-05-15T16:44:23.503+0000] {processor.py:840} INFO - DAG(s) 'gmv_hist_pipeline' retrieved from /opt/airflow/dags/gmv_hist_dag.py
[2026-05-15T16:44:23.531+0000] {logging_mixin.py:188} INFO - [2026-05-15T16:44:23.530+0000] {dag.py:3036} INFO - Sync 1 DAGs
[2026-05-15T16:44:23.553+0000] {logging_mixin.py:188} INFO - [2026-05-15T16:44:23.553+0000] {dag.py:3823} INFO - Setting next_dagrun for gmv_hist_pipeline to 2026-05-15 06:00:00+00:00, run_after=2026-05-16 06:00:00+00:00
[2026-05-15T16:44:23.574+0000] {processor.py:183} INFO - Processing /opt/airflow/dags/gmv_hist_dag.py took 0.102 seconds
[2026-05-15T16:44:54.482+0000] {processor.py:161} INFO - Started process (PID=316) to work on /opt/airflow/dags/gmv_hist_dag.py
[2026-05-15T16:44:54.483+0000] {processor.py:830} INFO - Processing file /opt/airflow/dags/gmv_hist_dag.py for tasks to queue
[2026-05-15T16:44:54.484+0000] {logging_mixin.py:188} INFO - [2026-05-15T16:44:54.484+0000] {dagbag.py:538} INFO - Filling up the DagBag from /opt/airflow/dags/gmv_hist_dag.py
[2026-05-15T16:44:54.512+0000] {processor.py:840} INFO - DAG(s) 'gmv_hist_pipeline' retrieved from /opt/airflow/dags/gmv_hist_dag.py
[2026-05-15T16:44:54.537+0000] {logging_mixin.py:188} INFO - [2026-05-15T16:44:54.537+0000] {dag.py:3036} INFO - Sync 1 DAGs
[2026-05-15T16:44:54.559+0000] {logging_mixin.py:188} INFO - [2026-05-15T16:44:54.559+0000] {dag.py:3823} INFO - Setting next_dagrun for gmv_hist_pipeline to 2026-05-15 06:00:00+00:00, run_after=2026-05-16 06:00:00+00:00
[2026-05-15T16:44:54.581+0000] {processor.py:183} INFO - Processing /opt/airflow/dags/gmv_hist_dag.py took 0.102 seconds
[2026-05-15T16:45:25.275+0000] {processor.py:161} INFO - Started process (PID=321) to work on /opt/airflow/dags/gmv_hist_dag.py
[2026-05-15T16:45:25.276+0000] {processor.py:830} INFO - Processing file /opt/airflow/dags/gmv_hist_dag.py for tasks to queue
[2026-05-15T16:45:25.276+0000] {logging_mixin.py:188} INFO - [2026-05-15T16:45:25.276+0000] {dagbag.py:538} INFO - Filling up the DagBag from /opt/airflow/dags/gmv_hist_dag.py
[2026-05-15T16:45:25.301+0000] {processor.py:840} INFO - DAG(s) 'gmv_hist_pipeline' retrieved from /opt/airflow/dags/gmv_hist_dag.py
[2026-05-15T16:45:25.325+0000] {logging_mixin.py:188} INFO - [2026-05-15T16:45:25.325+0000] {dag.py:3036} INFO - Sync 1 DAGs
[2026-05-15T16:45:25.346+0000] {logging_mixin.py:188} INFO - [2026-05-15T16:45:25.345+0000] {dag.py:3823} INFO - Setting next_dagrun for gmv_hist_pipeline to 2026-05-15 06:00:00+00:00, run_after=2026-05-16 06:00:00+00:00
[2026-05-15T16:45:25.363+0000] {processor.py:183} INFO - Processing /opt/airflow/dags/gmv_hist_dag.py took 0.092 seconds
[2026-05-15T16:45:56.257+0000] {processor.py:161} INFO - Started process (PID=326) to work on /opt/airflow/dags/gmv_hist_dag.py
[2026-05-15T16:45:56.258+0000] {processor.py:830} INFO - Processing file /opt/airflow/dags/gmv_hist_dag.py for tasks to queue
[2026-05-15T16:45:56.259+0000] {logging_mixin.py:188} INFO - [2026-05-15T16:45:56.259+0000] {dagbag.py:538} INFO - Filling up the DagBag from /opt/airflow/dags/gmv_hist_dag.py
[2026-05-15T16:45:56.281+0000] {processor.py:840} INFO - DAG(s) 'gmv_hist_pipeline' retrieved from /opt/airflow/dags/gmv_hist_dag.py
[2026-05-15T16:45:56.303+0000] {logging_mixin.py:188} INFO - [2026-05-15T16:45:56.303+0000] {dag.py:3036} INFO - Sync 1 DAGs
[2026-05-15T16:45:56.322+0000] {logging_mixin.py:188} INFO - [2026-05-15T16:45:56.322+0000] {dag.py:3823} INFO - Setting next_dagrun for gmv_hist_pipeline to 2026-05-15 06:00:00+00:00, run_after=2026-05-16 06:00:00+00:00
[2026-05-15T16:45:56.339+0000] {processor.py:183} INFO - Processing /opt/airflow/dags/gmv_hist_dag.py took 0.086 seconds
[2026-05-15T16:46:26.432+0000] {processor.py:161} INFO - Started process (PID=341) to work on /opt/airflow/dags/gmv_hist_dag.py
[2026-05-15T16:46:26.433+0000] {processor.py:830} INFO - Processing file /opt/airflow/dags/gmv_hist_dag.py for tasks to queue
[2026-05-15T16:46:26.434+0000] {logging_mixin.py:188} INFO - [2026-05-15T16:46:26.434+0000] {dagbag.py:538} INFO - Filling up the DagBag from /opt/airflow/dags/gmv_hist_dag.py
[2026-05-15T16:46:26.477+0000] {processor.py:840} INFO - DAG(s) 'gmv_hist_pipeline' retrieved from /opt/airflow/dags/gmv_hist_dag.py
[2026-05-15T16:46:26.510+0000] {logging_mixin.py:188} INFO - [2026-05-15T16:46:26.510+0000] {dag.py:3036} INFO - Sync 1 DAGs
[2026-05-15T16:46:26.535+0000] {logging_mixin.py:188} INFO - [2026-05-15T16:46:26.535+0000] {dag.py:3823} INFO - Setting next_dagrun for gmv_hist_pipeline to 2026-05-15 06:00:00+00:00, run_after=2026-05-16 06:00:00+00:00
[2026-05-15T16:46:26.555+0000] {processor.py:183} INFO - Processing /opt/airflow/dags/gmv_hist_dag.py took 0.127 seconds
[2026-05-15T16:46:57.326+0000] {processor.py:161} INFO - Started process (PID=388) to work on /opt/airflow/dags/gmv_hist_dag.py
[2026-05-15T16:46:57.327+0000] {processor.py:830} INFO - Processing file /opt/airflow/dags/gmv_hist_dag.py for tasks to queue
[2026-05-15T16:46:57.328+0000] {logging_mixin.py:188} INFO - [2026-05-15T16:46:57.327+0000] {dagbag.py:538} INFO - Filling up the DagBag from /opt/airflow/dags/gmv_hist_dag.py
[2026-05-15T16:46:57.345+0000] {processor.py:840} INFO - DAG(s) 'gmv_hist_pipeline' retrieved from /opt/airflow/dags/gmv_hist_dag.py
[2026-05-15T16:46:57.368+0000] {logging_mixin.py:188} INFO - [2026-05-15T16:46:57.368+0000] {dag.py:3036} INFO - Sync 1 DAGs
[2026-05-15T16:46:57.392+0000] {logging_mixin.py:188} INFO - [2026-05-15T16:46:57.391+0000] {dag.py:3823} INFO - Setting next_dagrun for gmv_hist_pipeline to 2026-05-15 06:00:00+00:00, run_after=2026-05-16 06:00:00+00:00
[2026-05-15T16:46:57.408+0000] {processor.py:183} INFO - Processing /opt/airflow/dags/gmv_hist_dag.py took 0.086 seconds
