[2026-05-15T16:40:47.897+0000] {manager.py:469} INFO - Processing files using up to 2 processes at a time 
[2026-05-15T16:40:47.898+0000] {manager.py:470} INFO - Process each file at most once every 30 seconds
[2026-05-15T16:40:47.899+0000] {manager.py:471} INFO - Checking for new files in /opt/airflow/dags every 300 seconds
[2026-05-15T16:40:47.900+0000] {manager.py:738} INFO - Searching for files in /opt/airflow/dags
[2026-05-15T16:40:47.924+0000] {manager.py:741} INFO - There are 1 files in /opt/airflow/dags
[2026-05-15T16:40:48.279+0000] {manager.py:879} INFO - 
================================================================================
DAG File Processing Stats

File Path                            PID  Runtime      # DAGs    # Errors  Last Runtime    Last Run
---------------------------------  -----  ---------  --------  ----------  --------------  ----------
/opt/airflow/dags/gmv_hist_dag.py    222  0.16s             0           0
================================================================================
[2026-05-15T16:41:19.891+0000] {manager.py:879} INFO - 
================================================================================
DAG File Processing Stats

File Path                            PID  Runtime      # DAGs    # Errors  Last Runtime    Last Run
---------------------------------  -----  ---------  --------  ----------  --------------  -------------------
/opt/airflow/dags/gmv_hist_dag.py    248  0.00s             1           0  1.05s           2026-05-15T16:40:49
================================================================================
[2026-05-15T16:41:51.333+0000] {manager.py:879} INFO - 
================================================================================
DAG File Processing Stats

File Path                          PID    Runtime      # DAGs    # Errors  Last Runtime    Last Run
---------------------------------  -----  ---------  --------  ----------  --------------  -------------------
/opt/airflow/dags/gmv_hist_dag.py                           1           0  0.13s           2026-05-15T16:41:50
================================================================================
[2026-05-15T16:42:24.194+0000] {manager.py:879} INFO - 
================================================================================
DAG File Processing Stats

File Path                          PID    Runtime      # DAGs    # Errors  Last Runtime    Last Run
---------------------------------  -----  ---------  --------  ----------  --------------  -------------------
/opt/airflow/dags/gmv_hist_dag.py                           1           0  0.13s           2026-05-15T16:42:21
================================================================================
[2026-05-15T16:42:55.213+0000] {manager.py:879} INFO - 
================================================================================
DAG File Processing Stats

File Path                          PID    Runtime      # DAGs    # Errors  Last Runtime    Last Run
---------------------------------  -----  ---------  --------  ----------  --------------  -------------------
/opt/airflow/dags/gmv_hist_dag.py                           1           0  0.18s           2026-05-15T16:42:52
================================================================================
[2026-05-15T16:43:26.021+0000] {manager.py:879} INFO - 
================================================================================
DAG File Processing Stats

File Path                          PID    Runtime      # DAGs    # Errors  Last Runtime    Last Run
---------------------------------  -----  ---------  --------  ----------  --------------  -------------------
/opt/airflow/dags/gmv_hist_dag.py                           1           0  0.13s           2026-05-15T16:43:23
================================================================================
[2026-05-15T16:43:57.365+0000] {manager.py:879} INFO - 
================================================================================
DAG File Processing Stats

File Path                          PID    Runtime      # DAGs    # Errors  Last Runtime    Last Run
---------------------------------  -----  ---------  --------  ----------  --------------  -------------------
/opt/airflow/dags/gmv_hist_dag.py                           1           0  0.13s           2026-05-15T16:43:53
================================================================================
[2026-05-15T16:44:28.546+0000] {manager.py:879} INFO - 
================================================================================
DAG File Processing Stats

File Path                          PID    Runtime      # DAGs    # Errors  Last Runtime    Last Run
---------------------------------  -----  ---------  --------  ----------  --------------  -------------------
/opt/airflow/dags/gmv_hist_dag.py                           1           0  0.13s           2026-05-15T16:44:23
================================================================================
[2026-05-15T16:44:59.521+0000] {manager.py:879} INFO - 
================================================================================
DAG File Processing Stats

File Path                          PID    Runtime      # DAGs    # Errors  Last Runtime    Last Run
---------------------------------  -----  ---------  --------  ----------  --------------  -------------------
/opt/airflow/dags/gmv_hist_dag.py                           1           0  0.13s           2026-05-15T16:44:54
================================================================================
[2026-05-15T16:45:30.353+0000] {manager.py:879} INFO - 
================================================================================
DAG File Processing Stats

File Path                          PID    Runtime      # DAGs    # Errors  Last Runtime    Last Run
---------------------------------  -----  ---------  --------  ----------  --------------  -------------------
/opt/airflow/dags/gmv_hist_dag.py                           1           0  0.12s           2026-05-15T16:45:25
================================================================================
[2026-05-15T16:45:48.160+0000] {manager.py:738} INFO - Searching for files in /opt/airflow/dags
[2026-05-15T16:45:48.176+0000] {manager.py:741} INFO - There are 1 files in /opt/airflow/dags
[2026-05-15T16:46:03.292+0000] {manager.py:879} INFO - 
================================================================================
DAG File Processing Stats

File Path                          PID    Runtime      # DAGs    # Errors  Last Runtime    Last Run
---------------------------------  -----  ---------  --------  ----------  --------------  -------------------
/opt/airflow/dags/gmv_hist_dag.py                           1           0  0.11s           2026-05-15T16:45:56
================================================================================
[2026-05-15T16:46:34.446+0000] {manager.py:879} INFO - 
================================================================================
DAG File Processing Stats

File Path                          PID    Runtime      # DAGs    # Errors  Last Runtime    Last Run
---------------------------------  -----  ---------  --------  ----------  --------------  -------------------
/opt/airflow/dags/gmv_hist_dag.py                           1           0  0.15s           2026-05-15T16:46:26
================================================================================
[2026-05-15T16:47:05.355+0000] {manager.py:879} INFO - 
================================================================================
DAG File Processing Stats

File Path                          PID    Runtime      # DAGs    # Errors  Last Runtime    Last Run
---------------------------------  -----  ---------  --------  ----------  --------------  -------------------
/opt/airflow/dags/gmv_hist_dag.py                           1           0  0.11s           2026-05-15T16:46:57
================================================================================
[2026-05-15T16:47:09.005+0000] {manager.py:451} INFO - Exiting gracefully upon receiving signal 15
[2026-05-18T00:58:47.667+0000] {manager.py:469} INFO - Processing files using up to 2 processes at a time 
[2026-05-18T00:58:47.680+0000] {manager.py:470} INFO - Process each file at most once every 30 seconds
[2026-05-18T00:58:47.681+0000] {manager.py:471} INFO - Checking for new files in /opt/airflow/dags every 300 seconds
[2026-05-18T00:58:47.682+0000] {manager.py:738} INFO - Searching for files in /opt/airflow/dags
[2026-05-18T00:58:47.779+0000] {manager.py:741} INFO - There are 1 files in /opt/airflow/dags
[2026-05-18T00:58:47.891+0000] {manager.py:879} INFO - 
================================================================================
DAG File Processing Stats

File Path                            PID  Runtime      # DAGs    # Errors  Last Runtime    Last Run
---------------------------------  -----  ---------  --------  ----------  --------------  ----------
/opt/airflow/dags/gmv_hist_dag.py    223  0.04s             0           0
================================================================================
[2026-05-18T00:59:19.530+0000] {manager.py:879} INFO - 
================================================================================
DAG File Processing Stats

File Path                          PID    Runtime      # DAGs    # Errors  Last Runtime    Last Run
---------------------------------  -----  ---------  --------  ----------  --------------  -------------------
/opt/airflow/dags/gmv_hist_dag.py                           1           0  0.15s           2026-05-18T00:59:18
================================================================================
[2026-05-18T00:59:50.668+0000] {manager.py:879} INFO - 
================================================================================
DAG File Processing Stats

File Path                          PID    Runtime      # DAGs    # Errors  Last Runtime    Last Run
---------------------------------  -----  ---------  --------  ----------  --------------  -------------------
/opt/airflow/dags/gmv_hist_dag.py                           1           0  0.13s           2026-05-18T00:59:49
================================================================================
[2026-05-18T01:00:21.558+0000] {manager.py:879} INFO - 
================================================================================
DAG File Processing Stats

File Path                          PID    Runtime      # DAGs    # Errors  Last Runtime    Last Run
---------------------------------  -----  ---------  --------  ----------  --------------  -------------------
/opt/airflow/dags/gmv_hist_dag.py                           1           0  0.10s           2026-05-18T01:00:20
================================================================================
[2026-05-18T01:00:54.571+0000] {manager.py:879} INFO - 
================================================================================
DAG File Processing Stats

File Path                          PID    Runtime      # DAGs    # Errors  Last Runtime    Last Run
---------------------------------  -----  ---------  --------  ----------  --------------  -------------------
/opt/airflow/dags/gmv_hist_dag.py                           1           0  0.16s           2026-05-18T01:00:51
================================================================================
[2026-05-18T01:01:27.495+0000] {manager.py:879} INFO - 
================================================================================
DAG File Processing Stats

File Path                          PID    Runtime      # DAGs    # Errors  Last Runtime    Last Run
---------------------------------  -----  ---------  --------  ----------  --------------  -------------------
/opt/airflow/dags/gmv_hist_dag.py                           1           0  0.11s           2026-05-18T01:01:22
================================================================================
[2026-05-18T01:01:58.681+0000] {manager.py:879} INFO - 
================================================================================
DAG File Processing Stats

File Path                          PID    Runtime      # DAGs    # Errors  Last Runtime    Last Run
---------------------------------  -----  ---------  --------  ----------  --------------  -------------------
/opt/airflow/dags/gmv_hist_dag.py                           1           0  0.11s           2026-05-18T01:01:52
================================================================================
[2026-05-18T01:02:29.571+0000] {manager.py:879} INFO - 
================================================================================
DAG File Processing Stats

File Path                          PID    Runtime      # DAGs    # Errors  Last Runtime    Last Run
---------------------------------  -----  ---------  --------  ----------  --------------  -------------------
/opt/airflow/dags/gmv_hist_dag.py                           1           0  0.16s           2026-05-18T01:02:23
================================================================================
[2026-05-18T01:03:01.019+0000] {manager.py:879} INFO - 
================================================================================
DAG File Processing Stats

File Path                          PID    Runtime      # DAGs    # Errors  Last Runtime    Last Run
---------------------------------  -----  ---------  --------  ----------  --------------  -------------------
/opt/airflow/dags/gmv_hist_dag.py                           1           0  0.11s           2026-05-18T01:02:54
================================================================================
[2026-05-18T01:03:32.248+0000] {manager.py:879} INFO - 
================================================================================
DAG File Processing Stats

File Path                          PID    Runtime      # DAGs    # Errors  Last Runtime    Last Run
---------------------------------  -----  ---------  --------  ----------  --------------  -------------------
/opt/airflow/dags/gmv_hist_dag.py                           1           0  0.12s           2026-05-18T01:03:24
================================================================================
[2026-05-18T01:03:48.163+0000] {manager.py:738} INFO - Searching for files in /opt/airflow/dags
[2026-05-18T01:03:48.198+0000] {manager.py:741} INFO - There are 1 files in /opt/airflow/dags
[2026-05-18T01:04:03.362+0000] {manager.py:879} INFO - 
================================================================================
DAG File Processing Stats

File Path                          PID    Runtime      # DAGs    # Errors  Last Runtime    Last Run
---------------------------------  -----  ---------  --------  ----------  --------------  -------------------
/opt/airflow/dags/gmv_hist_dag.py                           1           0  0.10s           2026-05-18T01:03:54
================================================================================
[2026-05-18T01:04:36.334+0000] {manager.py:879} INFO - 
================================================================================
DAG File Processing Stats

File Path                          PID    Runtime      # DAGs    # Errors  Last Runtime    Last Run
---------------------------------  -----  ---------  --------  ----------  --------------  -------------------
/opt/airflow/dags/gmv_hist_dag.py                           1           0  0.12s           2026-05-18T01:04:25
================================================================================
[2026-05-18T01:05:09.190+0000] {manager.py:879} INFO - 
================================================================================
DAG File Processing Stats

File Path                          PID    Runtime      # DAGs    # Errors  Last Runtime    Last Run
---------------------------------  -----  ---------  --------  ----------  --------------  -------------------
/opt/airflow/dags/gmv_hist_dag.py                           1           0  0.15s           2026-05-18T01:04:56
================================================================================
[2026-05-18T01:05:40.444+0000] {manager.py:879} INFO - 
================================================================================
DAG File Processing Stats

File Path                          PID    Runtime      # DAGs    # Errors  Last Runtime    Last Run
---------------------------------  -----  ---------  --------  ----------  --------------  -------------------
/opt/airflow/dags/gmv_hist_dag.py                           1           0  0.13s           2026-05-18T01:05:26
================================================================================
[2026-05-18T01:06:11.464+0000] {manager.py:879} INFO - 
================================================================================
DAG File Processing Stats

File Path                          PID    Runtime      # DAGs    # Errors  Last Runtime    Last Run
---------------------------------  -----  ---------  --------  ----------  --------------  -------------------
/opt/airflow/dags/gmv_hist_dag.py                           1           0  0.12s           2026-05-18T01:05:57
================================================================================
[2026-05-18T01:06:42.241+0000] {manager.py:879} INFO - 
================================================================================
DAG File Processing Stats

File Path                          PID    Runtime      # DAGs    # Errors  Last Runtime    Last Run
---------------------------------  -----  ---------  --------  ----------  --------------  -------------------
/opt/airflow/dags/gmv_hist_dag.py                           1           0  0.14s           2026-05-18T01:06:28
================================================================================
[2026-05-18T01:07:13.662+0000] {manager.py:879} INFO - 
================================================================================
DAG File Processing Stats

File Path                          PID    Runtime      # DAGs    # Errors  Last Runtime    Last Run
---------------------------------  -----  ---------  --------  ----------  --------------  -------------------
/opt/airflow/dags/gmv_hist_dag.py                           1           0  0.12s           2026-05-18T01:06:58
================================================================================
[2026-05-18T01:07:44.818+0000] {manager.py:879} INFO - 
================================================================================
DAG File Processing Stats

File Path                          PID    Runtime      # DAGs    # Errors  Last Runtime    Last Run
---------------------------------  -----  ---------  --------  ----------  --------------  -------------------
/opt/airflow/dags/gmv_hist_dag.py                           1           0  0.15s           2026-05-18T01:07:28
================================================================================
[2026-05-18T01:08:15.821+0000] {manager.py:879} INFO - 
================================================================================
DAG File Processing Stats

File Path                          PID    Runtime      # DAGs    # Errors  Last Runtime    Last Run
---------------------------------  -----  ---------  --------  ----------  --------------  -------------------
/opt/airflow/dags/gmv_hist_dag.py                           1           0  0.10s           2026-05-18T01:07:59
================================================================================
[2026-05-18T01:08:48.713+0000] {manager.py:738} INFO - Searching for files in /opt/airflow/dags
[2026-05-18T01:08:48.726+0000] {manager.py:741} INFO - There are 1 files in /opt/airflow/dags
[2026-05-18T01:08:48.734+0000] {manager.py:879} INFO - 
================================================================================
DAG File Processing Stats

File Path                          PID    Runtime      # DAGs    # Errors  Last Runtime    Last Run
---------------------------------  -----  ---------  --------  ----------  --------------  -------------------
/opt/airflow/dags/gmv_hist_dag.py                           1           0  0.13s           2026-05-18T01:08:31
================================================================================
[2026-05-18T01:09:20.074+0000] {manager.py:879} INFO - 
================================================================================
DAG File Processing Stats

File Path                          PID    Runtime      # DAGs    # Errors  Last Runtime    Last Run
---------------------------------  -----  ---------  --------  ----------  --------------  -------------------
/opt/airflow/dags/gmv_hist_dag.py                           1           0  0.12s           2026-05-18T01:09:03
================================================================================
[2026-05-18T01:09:51.212+0000] {manager.py:879} INFO - 
================================================================================
DAG File Processing Stats

File Path                          PID    Runtime      # DAGs    # Errors  Last Runtime    Last Run
---------------------------------  -----  ---------  --------  ----------  --------------  -------------------
/opt/airflow/dags/gmv_hist_dag.py                           1           0  0.17s           2026-05-18T01:09:34
================================================================================
[2026-05-18T01:10:22.232+0000] {manager.py:879} INFO - 
================================================================================
DAG File Processing Stats

File Path                          PID    Runtime      # DAGs    # Errors  Last Runtime    Last Run
---------------------------------  -----  ---------  --------  ----------  --------------  -------------------
/opt/airflow/dags/gmv_hist_dag.py                           1           0  0.17s           2026-05-18T01:10:05
================================================================================
[2026-05-18T01:10:53.036+0000] {manager.py:879} INFO - 
================================================================================
DAG File Processing Stats

File Path                          PID    Runtime      # DAGs    # Errors  Last Runtime    Last Run
---------------------------------  -----  ---------  --------  ----------  --------------  -------------------
/opt/airflow/dags/gmv_hist_dag.py                           1           0  0.12s           2026-05-18T01:10:36
================================================================================
[2026-05-18T01:11:24.377+0000] {manager.py:879} INFO - 
================================================================================
DAG File Processing Stats

File Path                          PID    Runtime      # DAGs    # Errors  Last Runtime    Last Run
---------------------------------  -----  ---------  --------  ----------  --------------  -------------------
/opt/airflow/dags/gmv_hist_dag.py                           1           0  0.12s           2026-05-18T01:11:06
================================================================================
[2026-05-18T01:11:55.490+0000] {manager.py:879} INFO - 
================================================================================
DAG File Processing Stats

File Path                          PID    Runtime      # DAGs    # Errors  Last Runtime    Last Run
---------------------------------  -----  ---------  --------  ----------  --------------  -------------------
/opt/airflow/dags/gmv_hist_dag.py                           1           0  0.14s           2026-05-18T01:11:37
================================================================================
[2026-05-18T01:12:28.482+0000] {manager.py:879} INFO - 
================================================================================
DAG File Processing Stats

File Path                          PID    Runtime      # DAGs    # Errors  Last Runtime    Last Run
---------------------------------  -----  ---------  --------  ----------  --------------  -------------------
/opt/airflow/dags/gmv_hist_dag.py                           1           0  0.11s           2026-05-18T01:12:10
================================================================================
[2026-05-18T01:12:59.212+0000] {manager.py:879} INFO - 
================================================================================
DAG File Processing Stats

File Path                          PID    Runtime      # DAGs    # Errors  Last Runtime    Last Run
---------------------------------  -----  ---------  --------  ----------  --------------  -------------------
/opt/airflow/dags/gmv_hist_dag.py                           1           0  0.12s           2026-05-18T01:12:41
================================================================================
[2026-05-18T01:13:30.585+0000] {manager.py:879} INFO - 
================================================================================
DAG File Processing Stats

File Path                          PID    Runtime      # DAGs    # Errors  Last Runtime    Last Run
---------------------------------  -----  ---------  --------  ----------  --------------  -------------------
/opt/airflow/dags/gmv_hist_dag.py                           1           0  0.14s           2026-05-18T01:13:11
================================================================================
[2026-05-18T01:13:48.750+0000] {manager.py:738} INFO - Searching for files in /opt/airflow/dags
[2026-05-18T01:13:48.768+0000] {manager.py:741} INFO - There are 1 files in /opt/airflow/dags
[2026-05-18T01:14:01.705+0000] {manager.py:879} INFO - 
================================================================================
DAG File Processing Stats

File Path                          PID    Runtime      # DAGs    # Errors  Last Runtime    Last Run
---------------------------------  -----  ---------  --------  ----------  --------------  -------------------
/opt/airflow/dags/gmv_hist_dag.py                           1           0  0.16s           2026-05-18T01:13:42
================================================================================
[2026-05-18T01:14:32.716+0000] {manager.py:879} INFO - 
================================================================================
DAG File Processing Stats

File Path                          PID    Runtime      # DAGs    # Errors  Last Runtime    Last Run
---------------------------------  -----  ---------  --------  ----------  --------------  -------------------
/opt/airflow/dags/gmv_hist_dag.py                           1           0  0.17s           2026-05-18T01:14:13
================================================================================
[2026-05-18T01:15:03.452+0000] {manager.py:879} INFO - 
================================================================================
DAG File Processing Stats

File Path                          PID    Runtime      # DAGs    # Errors  Last Runtime    Last Run
---------------------------------  -----  ---------  --------  ----------  --------------  -------------------
/opt/airflow/dags/gmv_hist_dag.py                           1           0  0.16s           2026-05-18T01:14:44
================================================================================
[2026-05-18T01:15:36.403+0000] {manager.py:879} INFO - 
================================================================================
DAG File Processing Stats

File Path                          PID    Runtime      # DAGs    # Errors  Last Runtime    Last Run
---------------------------------  -----  ---------  --------  ----------  --------------  -------------------
/opt/airflow/dags/gmv_hist_dag.py                           1           0  0.16s           2026-05-18T01:15:16
================================================================================
[2026-05-18T01:16:09.338+0000] {manager.py:879} INFO - 
================================================================================
DAG File Processing Stats

File Path                          PID    Runtime      # DAGs    # Errors  Last Runtime    Last Run
---------------------------------  -----  ---------  --------  ----------  --------------  -------------------
/opt/airflow/dags/gmv_hist_dag.py                           1           0  0.22s           2026-05-18T01:15:49
================================================================================
[2026-05-18T01:16:40.349+0000] {manager.py:879} INFO - 
================================================================================
DAG File Processing Stats

File Path                          PID    Runtime      # DAGs    # Errors  Last Runtime    Last Run
---------------------------------  -----  ---------  --------  ----------  --------------  -------------------
/opt/airflow/dags/gmv_hist_dag.py                           1           0  0.16s           2026-05-18T01:16:20
================================================================================
[2026-05-18T01:17:11.055+0000] {manager.py:879} INFO - 
================================================================================
DAG File Processing Stats

File Path                          PID    Runtime      # DAGs    # Errors  Last Runtime    Last Run
---------------------------------  -----  ---------  --------  ----------  --------------  -------------------
/opt/airflow/dags/gmv_hist_dag.py                           1           0  0.18s           2026-05-18T01:16:51
================================================================================
[2026-05-18T01:17:42.457+0000] {manager.py:879} INFO - 
================================================================================
DAG File Processing Stats

File Path                          PID    Runtime      # DAGs    # Errors  Last Runtime    Last Run
---------------------------------  -----  ---------  --------  ----------  --------------  -------------------
/opt/airflow/dags/gmv_hist_dag.py                           1           0  0.20s           2026-05-18T01:17:21
================================================================================
[2026-05-18T01:18:13.388+0000] {manager.py:879} INFO - 
================================================================================
DAG File Processing Stats

File Path                          PID    Runtime      # DAGs    # Errors  Last Runtime    Last Run
---------------------------------  -----  ---------  --------  ----------  --------------  -------------------
/opt/airflow/dags/gmv_hist_dag.py                           1           0  0.24s           2026-05-18T01:17:52
================================================================================
[2026-05-18T01:18:44.584+0000] {manager.py:879} INFO - 
================================================================================
DAG File Processing Stats

File Path                          PID    Runtime      # DAGs    # Errors  Last Runtime    Last Run
---------------------------------  -----  ---------  --------  ----------  --------------  -------------------
/opt/airflow/dags/gmv_hist_dag.py                           1           0  0.36s           2026-05-18T01:18:23
================================================================================
[2026-05-18T01:18:48.788+0000] {manager.py:738} INFO - Searching for files in /opt/airflow/dags
[2026-05-18T01:18:48.799+0000] {manager.py:741} INFO - There are 1 files in /opt/airflow/dags
[2026-05-18T01:19:15.447+0000] {manager.py:879} INFO - 
================================================================================
DAG File Processing Stats

File Path                          PID    Runtime      # DAGs    # Errors  Last Runtime    Last Run
---------------------------------  -----  ---------  --------  ----------  --------------  -------------------
/opt/airflow/dags/gmv_hist_dag.py                           1           0  0.21s           2026-05-18T01:18:54
================================================================================
[2026-05-18T01:19:48.305+0000] {manager.py:879} INFO - 
================================================================================
DAG File Processing Stats

File Path                          PID    Runtime      # DAGs    # Errors  Last Runtime    Last Run
---------------------------------  -----  ---------  --------  ----------  --------------  -------------------
/opt/airflow/dags/gmv_hist_dag.py                           1           0  0.21s           2026-05-18T01:19:26
================================================================================
[2026-05-18T01:20:19.491+0000] {manager.py:879} INFO - 
================================================================================
DAG File Processing Stats

File Path                          PID    Runtime      # DAGs    # Errors  Last Runtime    Last Run
---------------------------------  -----  ---------  --------  ----------  --------------  -------------------
/opt/airflow/dags/gmv_hist_dag.py                           1           0  0.20s           2026-05-18T01:19:57
================================================================================
[2026-05-18T01:20:41.036+0000] {manager.py:451} INFO - Exiting gracefully upon receiving signal 15
