[2026-05-15T16:46:26.946+0000] {taskinstance.py:1956} INFO - Dependencies all met for dep_context=non-requeueable deps ti=<TaskInstance: gmv_hist_pipeline.rodar_etl manual__2026-05-15T16:43:21.950683+00:00 [queued]>
[2026-05-15T16:46:26.953+0000] {taskinstance.py:1956} INFO - Dependencies all met for dep_context=requeueable deps ti=<TaskInstance: gmv_hist_pipeline.rodar_etl manual__2026-05-15T16:43:21.950683+00:00 [queued]>
[2026-05-15T16:46:26.953+0000] {taskinstance.py:2170} INFO - Starting attempt 2 of 4
[2026-05-15T16:46:26.965+0000] {taskinstance.py:2191} INFO - Executing <Task(_PythonDecoratedOperator): rodar_etl> on 2026-05-15 16:43:21.950683+00:00
[2026-05-15T16:46:26.969+0000] {standard_task_runner.py:60} INFO - Started process 347 to run task
[2026-05-15T16:46:26.972+0000] {standard_task_runner.py:87} INFO - Running: ['***', 'tasks', 'run', 'gmv_hist_pipeline', 'rodar_etl', 'manual__2026-05-15T16:43:21.950683+00:00', '--job-id', '80', '--raw', '--subdir', 'DAGS_FOLDER/gmv_hist_dag.py', '--cfg-path', '/tmp/tmpue6_ug8i']
[2026-05-15T16:46:26.974+0000] {standard_task_runner.py:88} INFO - Job 80: Subtask rodar_etl
[2026-05-15T16:46:27.023+0000] {task_command.py:423} INFO - Running <TaskInstance: gmv_hist_pipeline.rodar_etl manual__2026-05-15T16:43:21.950683+00:00 [running]> on host e25b20b177a3
[2026-05-15T16:46:27.145+0000] {taskinstance.py:2480} INFO - Exporting env vars: AIRFLOW_CTX_DAG_OWNER='analytics_engineer' AIRFLOW_CTX_DAG_ID='gmv_hist_pipeline' AIRFLOW_CTX_TASK_ID='rodar_etl' AIRFLOW_CTX_EXECUTION_DATE='2026-05-15T16:43:21.950683+00:00' AIRFLOW_CTX_TRY_NUMBER='2' AIRFLOW_CTX_DAG_RUN_ID='manual__2026-05-15T16:43:21.950683+00:00'
[2026-05-15T16:46:28.152+0000] {utils.py:1014} INFO - AST state has not been set explicitly. Defaulting to ast_enabled = True.
[2026-05-15T16:46:28.572+0000] {connection.py:626} INFO - Snowflake Connector for Python Version: 4.5.0, Python Version: 3.11.8, Platform: Linux-5.15.167.4-microsoft-standard-WSL2-x86_64-with-glibc2.36
[2026-05-15T16:46:28.572+0000] {connection.py:1735} INFO - Connecting to GLOBAL Snowflake domain
[2026-05-15T16:46:29.590+0000] {session.py:862} INFO - Snowpark Session information: 
"version" : 1.50.1,
"python.version" : 3.11.8,
"python.connector.version" : 4.5.0,
"python.connector.session.id" : 326700982730770,
"os.name" : Linux

[2026-05-15T16:46:32.312+0000] {session.py:979} INFO - Closing session: 326700982730770
[2026-05-15T16:46:32.313+0000] {session.py:1317} INFO - Canceling all running queries
[2026-05-15T16:46:32.483+0000] {session.py:988} INFO - Closed session: 326700982730770
[2026-05-15T16:46:32.483+0000] {python.py:201} INFO - Done. Returned value was: None
[2026-05-15T16:46:32.510+0000] {taskinstance.py:1138} INFO - Marking task as SUCCESS. dag_id=gmv_hist_pipeline, task_id=rodar_etl, execution_date=20260515T164321, start_date=20260515T164626, end_date=20260515T164632
[2026-05-15T16:46:32.537+0000] {local_task_job_runner.py:234} INFO - Task exited with return code 0
[2026-05-15T16:46:32.555+0000] {taskinstance.py:3280} INFO - 1 downstream tasks scheduled from follow-on schedule check
