[2026-05-18T00:58:47.888+0000] {processor.py:161} INFO - Started process (PID=223) to work on /opt/airflow/dags/gmv_hist_dag.py
[2026-05-18T00:58:47.889+0000] {processor.py:830} INFO - Processing file /opt/airflow/dags/gmv_hist_dag.py for tasks to queue
[2026-05-18T00:58:47.890+0000] {logging_mixin.py:188} INFO - [2026-05-18T00:58:47.890+0000] {dagbag.py:538} INFO - Filling up the DagBag from /opt/airflow/dags/gmv_hist_dag.py
[2026-05-18T00:58:47.911+0000] {processor.py:840} INFO - DAG(s) 'gmv_hist_pipeline' retrieved from /opt/airflow/dags/gmv_hist_dag.py
[2026-05-18T00:58:48.146+0000] {logging_mixin.py:188} INFO - [2026-05-18T00:58:48.146+0000] {dag.py:3036} INFO - Sync 1 DAGs
[2026-05-18T00:58:48.163+0000] {logging_mixin.py:188} INFO - [2026-05-18T00:58:48.163+0000] {dag.py:3823} INFO - Setting next_dagrun for gmv_hist_pipeline to 2026-05-17 06:00:00+00:00, run_after=2026-05-18 06:00:00+00:00
[2026-05-18T00:58:48.312+0000] {processor.py:183} INFO - Processing /opt/airflow/dags/gmv_hist_dag.py took 0.426 seconds
[2026-05-18T00:59:18.545+0000] {processor.py:161} INFO - Started process (PID=229) to work on /opt/airflow/dags/gmv_hist_dag.py
[2026-05-18T00:59:18.546+0000] {processor.py:830} INFO - Processing file /opt/airflow/dags/gmv_hist_dag.py for tasks to queue
[2026-05-18T00:59:18.547+0000] {logging_mixin.py:188} INFO - [2026-05-18T00:59:18.546+0000] {dagbag.py:538} INFO - Filling up the DagBag from /opt/airflow/dags/gmv_hist_dag.py
[2026-05-18T00:59:18.569+0000] {processor.py:840} INFO - DAG(s) 'gmv_hist_pipeline' retrieved from /opt/airflow/dags/gmv_hist_dag.py
[2026-05-18T00:59:18.592+0000] {logging_mixin.py:188} INFO - [2026-05-18T00:59:18.592+0000] {dag.py:3036} INFO - Sync 1 DAGs
[2026-05-18T00:59:18.613+0000] {logging_mixin.py:188} INFO - [2026-05-18T00:59:18.613+0000] {dag.py:3823} INFO - Setting next_dagrun for gmv_hist_pipeline to 2026-05-17 06:00:00+00:00, run_after=2026-05-18 06:00:00+00:00
[2026-05-18T00:59:18.654+0000] {processor.py:183} INFO - Processing /opt/airflow/dags/gmv_hist_dag.py took 0.113 seconds
[2026-05-18T00:59:49.654+0000] {processor.py:161} INFO - Started process (PID=234) to work on /opt/airflow/dags/gmv_hist_dag.py
[2026-05-18T00:59:49.656+0000] {processor.py:830} INFO - Processing file /opt/airflow/dags/gmv_hist_dag.py for tasks to queue
[2026-05-18T00:59:49.657+0000] {logging_mixin.py:188} INFO - [2026-05-18T00:59:49.656+0000] {dagbag.py:538} INFO - Filling up the DagBag from /opt/airflow/dags/gmv_hist_dag.py
[2026-05-18T00:59:49.678+0000] {processor.py:840} INFO - DAG(s) 'gmv_hist_pipeline' retrieved from /opt/airflow/dags/gmv_hist_dag.py
[2026-05-18T00:59:49.702+0000] {logging_mixin.py:188} INFO - [2026-05-18T00:59:49.702+0000] {dag.py:3036} INFO - Sync 1 DAGs
[2026-05-18T00:59:49.721+0000] {logging_mixin.py:188} INFO - [2026-05-18T00:59:49.721+0000] {dag.py:3823} INFO - Setting next_dagrun for gmv_hist_pipeline to 2026-05-17 06:00:00+00:00, run_after=2026-05-18 06:00:00+00:00
[2026-05-18T00:59:49.737+0000] {processor.py:183} INFO - Processing /opt/airflow/dags/gmv_hist_dag.py took 0.086 seconds
[2026-05-18T01:00:20.551+0000] {processor.py:161} INFO - Started process (PID=239) to work on /opt/airflow/dags/gmv_hist_dag.py
[2026-05-18T01:00:20.552+0000] {processor.py:830} INFO - Processing file /opt/airflow/dags/gmv_hist_dag.py for tasks to queue
[2026-05-18T01:00:20.553+0000] {logging_mixin.py:188} INFO - [2026-05-18T01:00:20.553+0000] {dagbag.py:538} INFO - Filling up the DagBag from /opt/airflow/dags/gmv_hist_dag.py
[2026-05-18T01:00:20.573+0000] {processor.py:840} INFO - DAG(s) 'gmv_hist_pipeline' retrieved from /opt/airflow/dags/gmv_hist_dag.py
[2026-05-18T01:00:20.594+0000] {logging_mixin.py:188} INFO - [2026-05-18T01:00:20.593+0000] {dag.py:3036} INFO - Sync 1 DAGs
[2026-05-18T01:00:20.613+0000] {logging_mixin.py:188} INFO - [2026-05-18T01:00:20.613+0000] {dag.py:3823} INFO - Setting next_dagrun for gmv_hist_pipeline to 2026-05-17 06:00:00+00:00, run_after=2026-05-18 06:00:00+00:00
[2026-05-18T01:00:20.629+0000] {processor.py:183} INFO - Processing /opt/airflow/dags/gmv_hist_dag.py took 0.080 seconds
[2026-05-18T01:00:51.530+0000] {processor.py:161} INFO - Started process (PID=244) to work on /opt/airflow/dags/gmv_hist_dag.py
[2026-05-18T01:00:51.530+0000] {processor.py:830} INFO - Processing file /opt/airflow/dags/gmv_hist_dag.py for tasks to queue
[2026-05-18T01:00:51.531+0000] {logging_mixin.py:188} INFO - [2026-05-18T01:00:51.531+0000] {dagbag.py:538} INFO - Filling up the DagBag from /opt/airflow/dags/gmv_hist_dag.py
[2026-05-18T01:00:51.551+0000] {processor.py:840} INFO - DAG(s) 'gmv_hist_pipeline' retrieved from /opt/airflow/dags/gmv_hist_dag.py
[2026-05-18T01:00:51.577+0000] {logging_mixin.py:188} INFO - [2026-05-18T01:00:51.577+0000] {dag.py:3036} INFO - Sync 1 DAGs
[2026-05-18T01:00:51.595+0000] {logging_mixin.py:188} INFO - [2026-05-18T01:00:51.595+0000] {dag.py:3823} INFO - Setting next_dagrun for gmv_hist_pipeline to 2026-05-17 06:00:00+00:00, run_after=2026-05-18 06:00:00+00:00
[2026-05-18T01:00:51.661+0000] {processor.py:183} INFO - Processing /opt/airflow/dags/gmv_hist_dag.py took 0.134 seconds
[2026-05-18T01:01:22.485+0000] {processor.py:161} INFO - Started process (PID=249) to work on /opt/airflow/dags/gmv_hist_dag.py
[2026-05-18T01:01:22.486+0000] {processor.py:830} INFO - Processing file /opt/airflow/dags/gmv_hist_dag.py for tasks to queue
[2026-05-18T01:01:22.487+0000] {logging_mixin.py:188} INFO - [2026-05-18T01:01:22.487+0000] {dagbag.py:538} INFO - Filling up the DagBag from /opt/airflow/dags/gmv_hist_dag.py
[2026-05-18T01:01:22.509+0000] {processor.py:840} INFO - DAG(s) 'gmv_hist_pipeline' retrieved from /opt/airflow/dags/gmv_hist_dag.py
[2026-05-18T01:01:22.532+0000] {logging_mixin.py:188} INFO - [2026-05-18T01:01:22.531+0000] {dag.py:3036} INFO - Sync 1 DAGs
[2026-05-18T01:01:22.550+0000] {logging_mixin.py:188} INFO - [2026-05-18T01:01:22.550+0000] {dag.py:3823} INFO - Setting next_dagrun for gmv_hist_pipeline to 2026-05-17 06:00:00+00:00, run_after=2026-05-18 06:00:00+00:00
[2026-05-18T01:01:22.567+0000] {processor.py:183} INFO - Processing /opt/airflow/dags/gmv_hist_dag.py took 0.085 seconds
[2026-05-18T01:01:52.647+0000] {processor.py:161} INFO - Started process (PID=254) to work on /opt/airflow/dags/gmv_hist_dag.py
[2026-05-18T01:01:52.648+0000] {processor.py:830} INFO - Processing file /opt/airflow/dags/gmv_hist_dag.py for tasks to queue
[2026-05-18T01:01:52.649+0000] {logging_mixin.py:188} INFO - [2026-05-18T01:01:52.649+0000] {dagbag.py:538} INFO - Filling up the DagBag from /opt/airflow/dags/gmv_hist_dag.py
[2026-05-18T01:01:52.670+0000] {processor.py:840} INFO - DAG(s) 'gmv_hist_pipeline' retrieved from /opt/airflow/dags/gmv_hist_dag.py
[2026-05-18T01:01:52.695+0000] {logging_mixin.py:188} INFO - [2026-05-18T01:01:52.695+0000] {dag.py:3036} INFO - Sync 1 DAGs
[2026-05-18T01:01:52.716+0000] {logging_mixin.py:188} INFO - [2026-05-18T01:01:52.715+0000] {dag.py:3823} INFO - Setting next_dagrun for gmv_hist_pipeline to 2026-05-17 06:00:00+00:00, run_after=2026-05-18 06:00:00+00:00
[2026-05-18T01:01:52.732+0000] {processor.py:183} INFO - Processing /opt/airflow/dags/gmv_hist_dag.py took 0.089 seconds
[2026-05-18T01:02:23.494+0000] {processor.py:161} INFO - Started process (PID=259) to work on /opt/airflow/dags/gmv_hist_dag.py
[2026-05-18T01:02:23.495+0000] {processor.py:830} INFO - Processing file /opt/airflow/dags/gmv_hist_dag.py for tasks to queue
[2026-05-18T01:02:23.496+0000] {logging_mixin.py:188} INFO - [2026-05-18T01:02:23.496+0000] {dagbag.py:538} INFO - Filling up the DagBag from /opt/airflow/dags/gmv_hist_dag.py
[2026-05-18T01:02:23.516+0000] {processor.py:840} INFO - DAG(s) 'gmv_hist_pipeline' retrieved from /opt/airflow/dags/gmv_hist_dag.py
[2026-05-18T01:02:23.538+0000] {logging_mixin.py:188} INFO - [2026-05-18T01:02:23.538+0000] {dag.py:3036} INFO - Sync 1 DAGs
[2026-05-18T01:02:23.557+0000] {logging_mixin.py:188} INFO - [2026-05-18T01:02:23.557+0000] {dag.py:3823} INFO - Setting next_dagrun for gmv_hist_pipeline to 2026-05-17 06:00:00+00:00, run_after=2026-05-18 06:00:00+00:00
[2026-05-18T01:02:23.626+0000] {processor.py:183} INFO - Processing /opt/airflow/dags/gmv_hist_dag.py took 0.135 seconds
[2026-05-18T01:02:53.921+0000] {processor.py:161} INFO - Started process (PID=264) to work on /opt/airflow/dags/gmv_hist_dag.py
[2026-05-18T01:02:53.922+0000] {processor.py:830} INFO - Processing file /opt/airflow/dags/gmv_hist_dag.py for tasks to queue
[2026-05-18T01:02:53.923+0000] {logging_mixin.py:188} INFO - [2026-05-18T01:02:53.923+0000] {dagbag.py:538} INFO - Filling up the DagBag from /opt/airflow/dags/gmv_hist_dag.py
[2026-05-18T01:02:53.943+0000] {processor.py:840} INFO - DAG(s) 'gmv_hist_pipeline' retrieved from /opt/airflow/dags/gmv_hist_dag.py
[2026-05-18T01:02:53.966+0000] {logging_mixin.py:188} INFO - [2026-05-18T01:02:53.966+0000] {dag.py:3036} INFO - Sync 1 DAGs
[2026-05-18T01:02:53.985+0000] {logging_mixin.py:188} INFO - [2026-05-18T01:02:53.985+0000] {dag.py:3823} INFO - Setting next_dagrun for gmv_hist_pipeline to 2026-05-17 06:00:00+00:00, run_after=2026-05-18 06:00:00+00:00
[2026-05-18T01:02:54.004+0000] {processor.py:183} INFO - Processing /opt/airflow/dags/gmv_hist_dag.py took 0.085 seconds
[2026-05-18T01:03:24.177+0000] {processor.py:161} INFO - Started process (PID=269) to work on /opt/airflow/dags/gmv_hist_dag.py
[2026-05-18T01:03:24.178+0000] {processor.py:830} INFO - Processing file /opt/airflow/dags/gmv_hist_dag.py for tasks to queue
[2026-05-18T01:03:24.179+0000] {logging_mixin.py:188} INFO - [2026-05-18T01:03:24.178+0000] {dagbag.py:538} INFO - Filling up the DagBag from /opt/airflow/dags/gmv_hist_dag.py
[2026-05-18T01:03:24.201+0000] {processor.py:840} INFO - DAG(s) 'gmv_hist_pipeline' retrieved from /opt/airflow/dags/gmv_hist_dag.py
[2026-05-18T01:03:24.225+0000] {logging_mixin.py:188} INFO - [2026-05-18T01:03:24.225+0000] {dag.py:3036} INFO - Sync 1 DAGs
[2026-05-18T01:03:24.247+0000] {logging_mixin.py:188} INFO - [2026-05-18T01:03:24.247+0000] {dag.py:3823} INFO - Setting next_dagrun for gmv_hist_pipeline to 2026-05-17 06:00:00+00:00, run_after=2026-05-18 06:00:00+00:00
[2026-05-18T01:03:24.264+0000] {processor.py:183} INFO - Processing /opt/airflow/dags/gmv_hist_dag.py took 0.091 seconds
[2026-05-18T01:03:54.318+0000] {processor.py:161} INFO - Started process (PID=274) to work on /opt/airflow/dags/gmv_hist_dag.py
[2026-05-18T01:03:54.319+0000] {processor.py:830} INFO - Processing file /opt/airflow/dags/gmv_hist_dag.py for tasks to queue
[2026-05-18T01:03:54.320+0000] {logging_mixin.py:188} INFO - [2026-05-18T01:03:54.319+0000] {dagbag.py:538} INFO - Filling up the DagBag from /opt/airflow/dags/gmv_hist_dag.py
[2026-05-18T01:03:54.339+0000] {processor.py:840} INFO - DAG(s) 'gmv_hist_pipeline' retrieved from /opt/airflow/dags/gmv_hist_dag.py
[2026-05-18T01:03:54.359+0000] {logging_mixin.py:188} INFO - [2026-05-18T01:03:54.359+0000] {dag.py:3036} INFO - Sync 1 DAGs
[2026-05-18T01:03:54.377+0000] {logging_mixin.py:188} INFO - [2026-05-18T01:03:54.377+0000] {dag.py:3823} INFO - Setting next_dagrun for gmv_hist_pipeline to 2026-05-17 06:00:00+00:00, run_after=2026-05-18 06:00:00+00:00
[2026-05-18T01:03:54.391+0000] {processor.py:183} INFO - Processing /opt/airflow/dags/gmv_hist_dag.py took 0.076 seconds
[2026-05-18T01:04:25.235+0000] {processor.py:161} INFO - Started process (PID=279) to work on /opt/airflow/dags/gmv_hist_dag.py
[2026-05-18T01:04:25.237+0000] {processor.py:830} INFO - Processing file /opt/airflow/dags/gmv_hist_dag.py for tasks to queue
[2026-05-18T01:04:25.238+0000] {logging_mixin.py:188} INFO - [2026-05-18T01:04:25.238+0000] {dagbag.py:538} INFO - Filling up the DagBag from /opt/airflow/dags/gmv_hist_dag.py
[2026-05-18T01:04:25.265+0000] {processor.py:840} INFO - DAG(s) 'gmv_hist_pipeline' retrieved from /opt/airflow/dags/gmv_hist_dag.py
[2026-05-18T01:04:25.288+0000] {logging_mixin.py:188} INFO - [2026-05-18T01:04:25.288+0000] {dag.py:3036} INFO - Sync 1 DAGs
[2026-05-18T01:04:25.308+0000] {logging_mixin.py:188} INFO - [2026-05-18T01:04:25.308+0000] {dag.py:3823} INFO - Setting next_dagrun for gmv_hist_pipeline to 2026-05-17 06:00:00+00:00, run_after=2026-05-18 06:00:00+00:00
[2026-05-18T01:04:25.327+0000] {processor.py:183} INFO - Processing /opt/airflow/dags/gmv_hist_dag.py took 0.098 seconds
[2026-05-18T01:04:56.133+0000] {processor.py:161} INFO - Started process (PID=284) to work on /opt/airflow/dags/gmv_hist_dag.py
[2026-05-18T01:04:56.134+0000] {processor.py:830} INFO - Processing file /opt/airflow/dags/gmv_hist_dag.py for tasks to queue
[2026-05-18T01:04:56.136+0000] {logging_mixin.py:188} INFO - [2026-05-18T01:04:56.135+0000] {dagbag.py:538} INFO - Filling up the DagBag from /opt/airflow/dags/gmv_hist_dag.py
[2026-05-18T01:04:56.171+0000] {processor.py:840} INFO - DAG(s) 'gmv_hist_pipeline' retrieved from /opt/airflow/dags/gmv_hist_dag.py
[2026-05-18T01:04:56.198+0000] {logging_mixin.py:188} INFO - [2026-05-18T01:04:56.198+0000] {dag.py:3036} INFO - Sync 1 DAGs
[2026-05-18T01:04:56.225+0000] {logging_mixin.py:188} INFO - [2026-05-18T01:04:56.225+0000] {dag.py:3823} INFO - Setting next_dagrun for gmv_hist_pipeline to 2026-05-17 06:00:00+00:00, run_after=2026-05-18 06:00:00+00:00
[2026-05-18T01:04:56.247+0000] {processor.py:183} INFO - Processing /opt/airflow/dags/gmv_hist_dag.py took 0.118 seconds
[2026-05-18T01:05:26.384+0000] {processor.py:161} INFO - Started process (PID=289) to work on /opt/airflow/dags/gmv_hist_dag.py
[2026-05-18T01:05:26.386+0000] {processor.py:830} INFO - Processing file /opt/airflow/dags/gmv_hist_dag.py for tasks to queue
[2026-05-18T01:05:26.387+0000] {logging_mixin.py:188} INFO - [2026-05-18T01:05:26.386+0000] {dagbag.py:538} INFO - Filling up the DagBag from /opt/airflow/dags/gmv_hist_dag.py
[2026-05-18T01:05:26.413+0000] {processor.py:840} INFO - DAG(s) 'gmv_hist_pipeline' retrieved from /opt/airflow/dags/gmv_hist_dag.py
[2026-05-18T01:05:26.440+0000] {logging_mixin.py:188} INFO - [2026-05-18T01:05:26.440+0000] {dag.py:3036} INFO - Sync 1 DAGs
[2026-05-18T01:05:26.463+0000] {logging_mixin.py:188} INFO - [2026-05-18T01:05:26.463+0000] {dag.py:3823} INFO - Setting next_dagrun for gmv_hist_pipeline to 2026-05-17 06:00:00+00:00, run_after=2026-05-18 06:00:00+00:00
[2026-05-18T01:05:26.483+0000] {processor.py:183} INFO - Processing /opt/airflow/dags/gmv_hist_dag.py took 0.102 seconds
[2026-05-18T01:05:57.343+0000] {processor.py:161} INFO - Started process (PID=294) to work on /opt/airflow/dags/gmv_hist_dag.py
[2026-05-18T01:05:57.344+0000] {processor.py:830} INFO - Processing file /opt/airflow/dags/gmv_hist_dag.py for tasks to queue
[2026-05-18T01:05:57.345+0000] {logging_mixin.py:188} INFO - [2026-05-18T01:05:57.345+0000] {dagbag.py:538} INFO - Filling up the DagBag from /opt/airflow/dags/gmv_hist_dag.py
[2026-05-18T01:05:57.365+0000] {processor.py:840} INFO - DAG(s) 'gmv_hist_pipeline' retrieved from /opt/airflow/dags/gmv_hist_dag.py
[2026-05-18T01:05:57.389+0000] {logging_mixin.py:188} INFO - [2026-05-18T01:05:57.389+0000] {dag.py:3036} INFO - Sync 1 DAGs
[2026-05-18T01:05:57.410+0000] {logging_mixin.py:188} INFO - [2026-05-18T01:05:57.410+0000] {dag.py:3823} INFO - Setting next_dagrun for gmv_hist_pipeline to 2026-05-17 06:00:00+00:00, run_after=2026-05-18 06:00:00+00:00
[2026-05-18T01:05:57.432+0000] {processor.py:183} INFO - Processing /opt/airflow/dags/gmv_hist_dag.py took 0.092 seconds
[2026-05-18T01:06:28.172+0000] {processor.py:161} INFO - Started process (PID=299) to work on /opt/airflow/dags/gmv_hist_dag.py
[2026-05-18T01:06:28.173+0000] {processor.py:830} INFO - Processing file /opt/airflow/dags/gmv_hist_dag.py for tasks to queue
[2026-05-18T01:06:28.173+0000] {logging_mixin.py:188} INFO - [2026-05-18T01:06:28.173+0000] {dagbag.py:538} INFO - Filling up the DagBag from /opt/airflow/dags/gmv_hist_dag.py
[2026-05-18T01:06:28.200+0000] {processor.py:840} INFO - DAG(s) 'gmv_hist_pipeline' retrieved from /opt/airflow/dags/gmv_hist_dag.py
[2026-05-18T01:06:28.224+0000] {logging_mixin.py:188} INFO - [2026-05-18T01:06:28.224+0000] {dag.py:3036} INFO - Sync 1 DAGs
[2026-05-18T01:06:28.250+0000] {logging_mixin.py:188} INFO - [2026-05-18T01:06:28.250+0000] {dag.py:3823} INFO - Setting next_dagrun for gmv_hist_pipeline to 2026-05-17 06:00:00+00:00, run_after=2026-05-18 06:00:00+00:00
[2026-05-18T01:06:28.290+0000] {processor.py:183} INFO - Processing /opt/airflow/dags/gmv_hist_dag.py took 0.122 seconds
[2026-05-18T01:06:58.499+0000] {processor.py:161} INFO - Started process (PID=304) to work on /opt/airflow/dags/gmv_hist_dag.py
[2026-05-18T01:06:58.500+0000] {processor.py:830} INFO - Processing file /opt/airflow/dags/gmv_hist_dag.py for tasks to queue
[2026-05-18T01:06:58.501+0000] {logging_mixin.py:188} INFO - [2026-05-18T01:06:58.501+0000] {dagbag.py:538} INFO - Filling up the DagBag from /opt/airflow/dags/gmv_hist_dag.py
[2026-05-18T01:06:58.524+0000] {processor.py:840} INFO - DAG(s) 'gmv_hist_pipeline' retrieved from /opt/airflow/dags/gmv_hist_dag.py
[2026-05-18T01:06:58.548+0000] {logging_mixin.py:188} INFO - [2026-05-18T01:06:58.548+0000] {dag.py:3036} INFO - Sync 1 DAGs
[2026-05-18T01:06:58.573+0000] {logging_mixin.py:188} INFO - [2026-05-18T01:06:58.573+0000] {dag.py:3823} INFO - Setting next_dagrun for gmv_hist_pipeline to 2026-05-17 06:00:00+00:00, run_after=2026-05-18 06:00:00+00:00
[2026-05-18T01:06:58.594+0000] {processor.py:183} INFO - Processing /opt/airflow/dags/gmv_hist_dag.py took 0.099 seconds
[2026-05-18T01:07:28.737+0000] {processor.py:161} INFO - Started process (PID=309) to work on /opt/airflow/dags/gmv_hist_dag.py
[2026-05-18T01:07:28.739+0000] {processor.py:830} INFO - Processing file /opt/airflow/dags/gmv_hist_dag.py for tasks to queue
[2026-05-18T01:07:28.740+0000] {logging_mixin.py:188} INFO - [2026-05-18T01:07:28.739+0000] {dagbag.py:538} INFO - Filling up the DagBag from /opt/airflow/dags/gmv_hist_dag.py
[2026-05-18T01:07:28.764+0000] {processor.py:840} INFO - DAG(s) 'gmv_hist_pipeline' retrieved from /opt/airflow/dags/gmv_hist_dag.py
[2026-05-18T01:07:28.800+0000] {logging_mixin.py:188} INFO - [2026-05-18T01:07:28.800+0000] {dag.py:3036} INFO - Sync 1 DAGs
[2026-05-18T01:07:28.825+0000] {logging_mixin.py:188} INFO - [2026-05-18T01:07:28.824+0000] {dag.py:3823} INFO - Setting next_dagrun for gmv_hist_pipeline to 2026-05-17 06:00:00+00:00, run_after=2026-05-18 06:00:00+00:00
[2026-05-18T01:07:28.845+0000] {processor.py:183} INFO - Processing /opt/airflow/dags/gmv_hist_dag.py took 0.116 seconds
[2026-05-18T01:07:59.695+0000] {processor.py:161} INFO - Started process (PID=314) to work on /opt/airflow/dags/gmv_hist_dag.py
[2026-05-18T01:07:59.696+0000] {processor.py:830} INFO - Processing file /opt/airflow/dags/gmv_hist_dag.py for tasks to queue
[2026-05-18T01:07:59.697+0000] {logging_mixin.py:188} INFO - [2026-05-18T01:07:59.697+0000] {dagbag.py:538} INFO - Filling up the DagBag from /opt/airflow/dags/gmv_hist_dag.py
[2026-05-18T01:07:59.716+0000] {processor.py:840} INFO - DAG(s) 'gmv_hist_pipeline' retrieved from /opt/airflow/dags/gmv_hist_dag.py
[2026-05-18T01:07:59.737+0000] {logging_mixin.py:188} INFO - [2026-05-18T01:07:59.737+0000] {dag.py:3036} INFO - Sync 1 DAGs
[2026-05-18T01:07:59.757+0000] {logging_mixin.py:188} INFO - [2026-05-18T01:07:59.757+0000] {dag.py:3823} INFO - Setting next_dagrun for gmv_hist_pipeline to 2026-05-17 06:00:00+00:00, run_after=2026-05-18 06:00:00+00:00
[2026-05-18T01:07:59.775+0000] {processor.py:183} INFO - Processing /opt/airflow/dags/gmv_hist_dag.py took 0.082 seconds
[2026-05-18T01:08:31.649+0000] {processor.py:161} INFO - Started process (PID=319) to work on /opt/airflow/dags/gmv_hist_dag.py
[2026-05-18T01:08:31.650+0000] {processor.py:830} INFO - Processing file /opt/airflow/dags/gmv_hist_dag.py for tasks to queue
[2026-05-18T01:08:31.651+0000] {logging_mixin.py:188} INFO - [2026-05-18T01:08:31.651+0000] {dagbag.py:538} INFO - Filling up the DagBag from /opt/airflow/dags/gmv_hist_dag.py
[2026-05-18T01:08:31.672+0000] {processor.py:840} INFO - DAG(s) 'gmv_hist_pipeline' retrieved from /opt/airflow/dags/gmv_hist_dag.py
[2026-05-18T01:08:31.696+0000] {logging_mixin.py:188} INFO - [2026-05-18T01:08:31.696+0000] {dag.py:3036} INFO - Sync 1 DAGs
[2026-05-18T01:08:31.719+0000] {logging_mixin.py:188} INFO - [2026-05-18T01:08:31.719+0000] {dag.py:3823} INFO - Setting next_dagrun for gmv_hist_pipeline to 2026-05-17 06:00:00+00:00, run_after=2026-05-18 06:00:00+00:00
[2026-05-18T01:08:31.741+0000] {processor.py:183} INFO - Processing /opt/airflow/dags/gmv_hist_dag.py took 0.095 seconds
[2026-05-18T01:09:02.951+0000] {processor.py:161} INFO - Started process (PID=324) to work on /opt/airflow/dags/gmv_hist_dag.py
[2026-05-18T01:09:02.952+0000] {processor.py:830} INFO - Processing file /opt/airflow/dags/gmv_hist_dag.py for tasks to queue
[2026-05-18T01:09:02.953+0000] {logging_mixin.py:188} INFO - [2026-05-18T01:09:02.953+0000] {dagbag.py:538} INFO - Filling up the DagBag from /opt/airflow/dags/gmv_hist_dag.py
[2026-05-18T01:09:02.973+0000] {processor.py:840} INFO - DAG(s) 'gmv_hist_pipeline' retrieved from /opt/airflow/dags/gmv_hist_dag.py
[2026-05-18T01:09:02.999+0000] {logging_mixin.py:188} INFO - [2026-05-18T01:09:02.998+0000] {dag.py:3036} INFO - Sync 1 DAGs
[2026-05-18T01:09:03.021+0000] {logging_mixin.py:188} INFO - [2026-05-18T01:09:03.021+0000] {dag.py:3823} INFO - Setting next_dagrun for gmv_hist_pipeline to 2026-05-17 06:00:00+00:00, run_after=2026-05-18 06:00:00+00:00
[2026-05-18T01:09:03.041+0000] {processor.py:183} INFO - Processing /opt/airflow/dags/gmv_hist_dag.py took 0.092 seconds
[2026-05-18T01:09:34.109+0000] {processor.py:161} INFO - Started process (PID=329) to work on /opt/airflow/dags/gmv_hist_dag.py
[2026-05-18T01:09:34.110+0000] {processor.py:830} INFO - Processing file /opt/airflow/dags/gmv_hist_dag.py for tasks to queue
[2026-05-18T01:09:34.111+0000] {logging_mixin.py:188} INFO - [2026-05-18T01:09:34.111+0000] {dagbag.py:538} INFO - Filling up the DagBag from /opt/airflow/dags/gmv_hist_dag.py
[2026-05-18T01:09:34.131+0000] {processor.py:840} INFO - DAG(s) 'gmv_hist_pipeline' retrieved from /opt/airflow/dags/gmv_hist_dag.py
[2026-05-18T01:09:34.154+0000] {logging_mixin.py:188} INFO - [2026-05-18T01:09:34.154+0000] {dag.py:3036} INFO - Sync 1 DAGs
[2026-05-18T01:09:34.177+0000] {logging_mixin.py:188} INFO - [2026-05-18T01:09:34.176+0000] {dag.py:3823} INFO - Setting next_dagrun for gmv_hist_pipeline to 2026-05-17 06:00:00+00:00, run_after=2026-05-18 06:00:00+00:00
[2026-05-18T01:09:34.246+0000] {processor.py:183} INFO - Processing /opt/airflow/dags/gmv_hist_dag.py took 0.140 seconds
[2026-05-18T01:10:05.120+0000] {processor.py:161} INFO - Started process (PID=334) to work on /opt/airflow/dags/gmv_hist_dag.py
[2026-05-18T01:10:05.122+0000] {processor.py:830} INFO - Processing file /opt/airflow/dags/gmv_hist_dag.py for tasks to queue
[2026-05-18T01:10:05.123+0000] {logging_mixin.py:188} INFO - [2026-05-18T01:10:05.122+0000] {dagbag.py:538} INFO - Filling up the DagBag from /opt/airflow/dags/gmv_hist_dag.py
[2026-05-18T01:10:05.145+0000] {processor.py:840} INFO - DAG(s) 'gmv_hist_pipeline' retrieved from /opt/airflow/dags/gmv_hist_dag.py
[2026-05-18T01:10:05.168+0000] {logging_mixin.py:188} INFO - [2026-05-18T01:10:05.168+0000] {dag.py:3036} INFO - Sync 1 DAGs
[2026-05-18T01:10:05.192+0000] {logging_mixin.py:188} INFO - [2026-05-18T01:10:05.192+0000] {dag.py:3823} INFO - Setting next_dagrun for gmv_hist_pipeline to 2026-05-17 06:00:00+00:00, run_after=2026-05-18 06:00:00+00:00
[2026-05-18T01:10:05.209+0000] {processor.py:183} INFO - Processing /opt/airflow/dags/gmv_hist_dag.py took 0.147 seconds
[2026-05-18T01:10:35.913+0000] {processor.py:161} INFO - Started process (PID=339) to work on /opt/airflow/dags/gmv_hist_dag.py
[2026-05-18T01:10:35.914+0000] {processor.py:830} INFO - Processing file /opt/airflow/dags/gmv_hist_dag.py for tasks to queue
[2026-05-18T01:10:35.915+0000] {logging_mixin.py:188} INFO - [2026-05-18T01:10:35.914+0000] {dagbag.py:538} INFO - Filling up the DagBag from /opt/airflow/dags/gmv_hist_dag.py
[2026-05-18T01:10:35.941+0000] {processor.py:840} INFO - DAG(s) 'gmv_hist_pipeline' retrieved from /opt/airflow/dags/gmv_hist_dag.py
[2026-05-18T01:10:35.968+0000] {logging_mixin.py:188} INFO - [2026-05-18T01:10:35.967+0000] {dag.py:3036} INFO - Sync 1 DAGs
[2026-05-18T01:10:35.990+0000] {logging_mixin.py:188} INFO - [2026-05-18T01:10:35.990+0000] {dag.py:3823} INFO - Setting next_dagrun for gmv_hist_pipeline to 2026-05-17 06:00:00+00:00, run_after=2026-05-18 06:00:00+00:00
[2026-05-18T01:10:36.010+0000] {processor.py:183} INFO - Processing /opt/airflow/dags/gmv_hist_dag.py took 0.100 seconds
[2026-05-18T01:11:06.250+0000] {processor.py:161} INFO - Started process (PID=344) to work on /opt/airflow/dags/gmv_hist_dag.py
[2026-05-18T01:11:06.251+0000] {processor.py:830} INFO - Processing file /opt/airflow/dags/gmv_hist_dag.py for tasks to queue
[2026-05-18T01:11:06.252+0000] {logging_mixin.py:188} INFO - [2026-05-18T01:11:06.252+0000] {dagbag.py:538} INFO - Filling up the DagBag from /opt/airflow/dags/gmv_hist_dag.py
[2026-05-18T01:11:06.273+0000] {processor.py:840} INFO - DAG(s) 'gmv_hist_pipeline' retrieved from /opt/airflow/dags/gmv_hist_dag.py
[2026-05-18T01:11:06.296+0000] {logging_mixin.py:188} INFO - [2026-05-18T01:11:06.296+0000] {dag.py:3036} INFO - Sync 1 DAGs
[2026-05-18T01:11:06.321+0000] {logging_mixin.py:188} INFO - [2026-05-18T01:11:06.320+0000] {dag.py:3823} INFO - Setting next_dagrun for gmv_hist_pipeline to 2026-05-17 06:00:00+00:00, run_after=2026-05-18 06:00:00+00:00
[2026-05-18T01:11:06.340+0000] {processor.py:183} INFO - Processing /opt/airflow/dags/gmv_hist_dag.py took 0.094 seconds
[2026-05-18T01:11:37.418+0000] {processor.py:161} INFO - Started process (PID=349) to work on /opt/airflow/dags/gmv_hist_dag.py
[2026-05-18T01:11:37.421+0000] {processor.py:830} INFO - Processing file /opt/airflow/dags/gmv_hist_dag.py for tasks to queue
[2026-05-18T01:11:37.423+0000] {logging_mixin.py:188} INFO - [2026-05-18T01:11:37.422+0000] {dagbag.py:538} INFO - Filling up the DagBag from /opt/airflow/dags/gmv_hist_dag.py
[2026-05-18T01:11:37.454+0000] {processor.py:840} INFO - DAG(s) 'gmv_hist_pipeline' retrieved from /opt/airflow/dags/gmv_hist_dag.py
[2026-05-18T01:11:37.477+0000] {logging_mixin.py:188} INFO - [2026-05-18T01:11:37.477+0000] {dag.py:3036} INFO - Sync 1 DAGs
[2026-05-18T01:11:37.498+0000] {logging_mixin.py:188} INFO - [2026-05-18T01:11:37.498+0000] {dag.py:3823} INFO - Setting next_dagrun for gmv_hist_pipeline to 2026-05-17 06:00:00+00:00, run_after=2026-05-18 06:00:00+00:00
[2026-05-18T01:11:37.520+0000] {processor.py:183} INFO - Processing /opt/airflow/dags/gmv_hist_dag.py took 0.108 seconds
[2026-05-18T01:12:10.299+0000] {processor.py:161} INFO - Started process (PID=354) to work on /opt/airflow/dags/gmv_hist_dag.py
[2026-05-18T01:12:10.300+0000] {processor.py:830} INFO - Processing file /opt/airflow/dags/gmv_hist_dag.py for tasks to queue
[2026-05-18T01:12:10.301+0000] {logging_mixin.py:188} INFO - [2026-05-18T01:12:10.300+0000] {dagbag.py:538} INFO - Filling up the DagBag from /opt/airflow/dags/gmv_hist_dag.py
[2026-05-18T01:12:10.320+0000] {processor.py:840} INFO - DAG(s) 'gmv_hist_pipeline' retrieved from /opt/airflow/dags/gmv_hist_dag.py
[2026-05-18T01:12:10.342+0000] {logging_mixin.py:188} INFO - [2026-05-18T01:12:10.342+0000] {dag.py:3036} INFO - Sync 1 DAGs
[2026-05-18T01:12:10.362+0000] {logging_mixin.py:188} INFO - [2026-05-18T01:12:10.362+0000] {dag.py:3823} INFO - Setting next_dagrun for gmv_hist_pipeline to 2026-05-17 06:00:00+00:00, run_after=2026-05-18 06:00:00+00:00
[2026-05-18T01:12:10.382+0000] {processor.py:183} INFO - Processing /opt/airflow/dags/gmv_hist_dag.py took 0.086 seconds
[2026-05-18T01:12:41.140+0000] {processor.py:161} INFO - Started process (PID=359) to work on /opt/airflow/dags/gmv_hist_dag.py
[2026-05-18T01:12:41.141+0000] {processor.py:830} INFO - Processing file /opt/airflow/dags/gmv_hist_dag.py for tasks to queue
[2026-05-18T01:12:41.142+0000] {logging_mixin.py:188} INFO - [2026-05-18T01:12:41.142+0000] {dagbag.py:538} INFO - Filling up the DagBag from /opt/airflow/dags/gmv_hist_dag.py
[2026-05-18T01:12:41.163+0000] {processor.py:840} INFO - DAG(s) 'gmv_hist_pipeline' retrieved from /opt/airflow/dags/gmv_hist_dag.py
[2026-05-18T01:12:41.188+0000] {logging_mixin.py:188} INFO - [2026-05-18T01:12:41.188+0000] {dag.py:3036} INFO - Sync 1 DAGs
[2026-05-18T01:12:41.212+0000] {logging_mixin.py:188} INFO - [2026-05-18T01:12:41.211+0000] {dag.py:3823} INFO - Setting next_dagrun for gmv_hist_pipeline to 2026-05-17 06:00:00+00:00, run_after=2026-05-18 06:00:00+00:00
[2026-05-18T01:12:41.235+0000] {processor.py:183} INFO - Processing /opt/airflow/dags/gmv_hist_dag.py took 0.098 seconds
[2026-05-18T01:13:11.425+0000] {processor.py:161} INFO - Started process (PID=364) to work on /opt/airflow/dags/gmv_hist_dag.py
[2026-05-18T01:13:11.426+0000] {processor.py:830} INFO - Processing file /opt/airflow/dags/gmv_hist_dag.py for tasks to queue
[2026-05-18T01:13:11.427+0000] {logging_mixin.py:188} INFO - [2026-05-18T01:13:11.427+0000] {dagbag.py:538} INFO - Filling up the DagBag from /opt/airflow/dags/gmv_hist_dag.py
[2026-05-18T01:13:11.447+0000] {processor.py:840} INFO - DAG(s) 'gmv_hist_pipeline' retrieved from /opt/airflow/dags/gmv_hist_dag.py
[2026-05-18T01:13:11.472+0000] {logging_mixin.py:188} INFO - [2026-05-18T01:13:11.472+0000] {dag.py:3036} INFO - Sync 1 DAGs
[2026-05-18T01:13:11.497+0000] {logging_mixin.py:188} INFO - [2026-05-18T01:13:11.497+0000] {dag.py:3823} INFO - Setting next_dagrun for gmv_hist_pipeline to 2026-05-17 06:00:00+00:00, run_after=2026-05-18 06:00:00+00:00
[2026-05-18T01:13:11.524+0000] {processor.py:183} INFO - Processing /opt/airflow/dags/gmv_hist_dag.py took 0.102 seconds
[2026-05-18T01:13:42.592+0000] {processor.py:161} INFO - Started process (PID=369) to work on /opt/airflow/dags/gmv_hist_dag.py
[2026-05-18T01:13:42.593+0000] {processor.py:830} INFO - Processing file /opt/airflow/dags/gmv_hist_dag.py for tasks to queue
[2026-05-18T01:13:42.595+0000] {logging_mixin.py:188} INFO - [2026-05-18T01:13:42.594+0000] {dagbag.py:538} INFO - Filling up the DagBag from /opt/airflow/dags/gmv_hist_dag.py
[2026-05-18T01:13:42.623+0000] {processor.py:840} INFO - DAG(s) 'gmv_hist_pipeline' retrieved from /opt/airflow/dags/gmv_hist_dag.py
[2026-05-18T01:13:42.662+0000] {logging_mixin.py:188} INFO - [2026-05-18T01:13:42.662+0000] {dag.py:3036} INFO - Sync 1 DAGs
[2026-05-18T01:13:42.694+0000] {logging_mixin.py:188} INFO - [2026-05-18T01:13:42.693+0000] {dag.py:3823} INFO - Setting next_dagrun for gmv_hist_pipeline to 2026-05-17 06:00:00+00:00, run_after=2026-05-18 06:00:00+00:00
[2026-05-18T01:13:42.716+0000] {processor.py:183} INFO - Processing /opt/airflow/dags/gmv_hist_dag.py took 0.129 seconds
[2026-05-18T01:14:13.530+0000] {processor.py:161} INFO - Started process (PID=374) to work on /opt/airflow/dags/gmv_hist_dag.py
[2026-05-18T01:14:13.531+0000] {processor.py:830} INFO - Processing file /opt/airflow/dags/gmv_hist_dag.py for tasks to queue
[2026-05-18T01:14:13.532+0000] {logging_mixin.py:188} INFO - [2026-05-18T01:14:13.532+0000] {dagbag.py:538} INFO - Filling up the DagBag from /opt/airflow/dags/gmv_hist_dag.py
[2026-05-18T01:14:13.556+0000] {processor.py:840} INFO - DAG(s) 'gmv_hist_pipeline' retrieved from /opt/airflow/dags/gmv_hist_dag.py
[2026-05-18T01:14:13.580+0000] {logging_mixin.py:188} INFO - [2026-05-18T01:14:13.580+0000] {dag.py:3036} INFO - Sync 1 DAGs
[2026-05-18T01:14:13.601+0000] {logging_mixin.py:188} INFO - [2026-05-18T01:14:13.601+0000] {dag.py:3823} INFO - Setting next_dagrun for gmv_hist_pipeline to 2026-05-17 06:00:00+00:00, run_after=2026-05-18 06:00:00+00:00
[2026-05-18T01:14:13.670+0000] {processor.py:183} INFO - Processing /opt/airflow/dags/gmv_hist_dag.py took 0.143 seconds
[2026-05-18T01:14:44.354+0000] {processor.py:161} INFO - Started process (PID=379) to work on /opt/airflow/dags/gmv_hist_dag.py
[2026-05-18T01:14:44.355+0000] {processor.py:830} INFO - Processing file /opt/airflow/dags/gmv_hist_dag.py for tasks to queue
[2026-05-18T01:14:44.356+0000] {logging_mixin.py:188} INFO - [2026-05-18T01:14:44.355+0000] {dagbag.py:538} INFO - Filling up the DagBag from /opt/airflow/dags/gmv_hist_dag.py
[2026-05-18T01:14:44.380+0000] {processor.py:840} INFO - DAG(s) 'gmv_hist_pipeline' retrieved from /opt/airflow/dags/gmv_hist_dag.py
[2026-05-18T01:14:44.401+0000] {logging_mixin.py:188} INFO - [2026-05-18T01:14:44.401+0000] {dag.py:3036} INFO - Sync 1 DAGs
[2026-05-18T01:14:44.420+0000] {logging_mixin.py:188} INFO - [2026-05-18T01:14:44.419+0000] {dag.py:3823} INFO - Setting next_dagrun for gmv_hist_pipeline to 2026-05-17 06:00:00+00:00, run_after=2026-05-18 06:00:00+00:00
[2026-05-18T01:14:44.484+0000] {processor.py:183} INFO - Processing /opt/airflow/dags/gmv_hist_dag.py took 0.133 seconds
[2026-05-18T01:15:16.260+0000] {processor.py:161} INFO - Started process (PID=384) to work on /opt/airflow/dags/gmv_hist_dag.py
[2026-05-18T01:15:16.261+0000] {processor.py:830} INFO - Processing file /opt/airflow/dags/gmv_hist_dag.py for tasks to queue
[2026-05-18T01:15:16.262+0000] {logging_mixin.py:188} INFO - [2026-05-18T01:15:16.262+0000] {dagbag.py:538} INFO - Filling up the DagBag from /opt/airflow/dags/gmv_hist_dag.py
[2026-05-18T01:15:16.280+0000] {processor.py:840} INFO - DAG(s) 'gmv_hist_pipeline' retrieved from /opt/airflow/dags/gmv_hist_dag.py
[2026-05-18T01:15:16.336+0000] {logging_mixin.py:188} INFO - [2026-05-18T01:15:16.336+0000] {dag.py:3036} INFO - Sync 1 DAGs
[2026-05-18T01:15:16.376+0000] {logging_mixin.py:188} INFO - [2026-05-18T01:15:16.375+0000] {dag.py:3823} INFO - Setting next_dagrun for gmv_hist_pipeline to 2026-05-17 06:00:00+00:00, run_after=2026-05-18 06:00:00+00:00
[2026-05-18T01:15:16.395+0000] {processor.py:183} INFO - Processing /opt/airflow/dags/gmv_hist_dag.py took 0.138 seconds
[2026-05-18T01:15:49.186+0000] {processor.py:161} INFO - Started process (PID=389) to work on /opt/airflow/dags/gmv_hist_dag.py
[2026-05-18T01:15:49.187+0000] {processor.py:830} INFO - Processing file /opt/airflow/dags/gmv_hist_dag.py for tasks to queue
[2026-05-18T01:15:49.188+0000] {logging_mixin.py:188} INFO - [2026-05-18T01:15:49.187+0000] {dagbag.py:538} INFO - Filling up the DagBag from /opt/airflow/dags/gmv_hist_dag.py
[2026-05-18T01:15:49.206+0000] {processor.py:840} INFO - DAG(s) 'gmv_hist_pipeline' retrieved from /opt/airflow/dags/gmv_hist_dag.py
[2026-05-18T01:15:49.331+0000] {logging_mixin.py:188} INFO - [2026-05-18T01:15:49.330+0000] {dag.py:3036} INFO - Sync 1 DAGs
[2026-05-18T01:15:49.362+0000] {logging_mixin.py:188} INFO - [2026-05-18T01:15:49.361+0000] {dag.py:3823} INFO - Setting next_dagrun for gmv_hist_pipeline to 2026-05-17 06:00:00+00:00, run_after=2026-05-18 06:00:00+00:00
[2026-05-18T01:15:49.378+0000] {processor.py:183} INFO - Processing /opt/airflow/dags/gmv_hist_dag.py took 0.196 seconds
[2026-05-18T01:16:20.136+0000] {processor.py:161} INFO - Started process (PID=394) to work on /opt/airflow/dags/gmv_hist_dag.py
[2026-05-18T01:16:20.137+0000] {processor.py:830} INFO - Processing file /opt/airflow/dags/gmv_hist_dag.py for tasks to queue
[2026-05-18T01:16:20.138+0000] {logging_mixin.py:188} INFO - [2026-05-18T01:16:20.138+0000] {dagbag.py:538} INFO - Filling up the DagBag from /opt/airflow/dags/gmv_hist_dag.py
[2026-05-18T01:16:20.161+0000] {processor.py:840} INFO - DAG(s) 'gmv_hist_pipeline' retrieved from /opt/airflow/dags/gmv_hist_dag.py
[2026-05-18T01:16:20.184+0000] {logging_mixin.py:188} INFO - [2026-05-18T01:16:20.184+0000] {dag.py:3036} INFO - Sync 1 DAGs
[2026-05-18T01:16:20.204+0000] {logging_mixin.py:188} INFO - [2026-05-18T01:16:20.204+0000] {dag.py:3823} INFO - Setting next_dagrun for gmv_hist_pipeline to 2026-05-17 06:00:00+00:00, run_after=2026-05-18 06:00:00+00:00
[2026-05-18T01:16:20.272+0000] {processor.py:183} INFO - Processing /opt/airflow/dags/gmv_hist_dag.py took 0.139 seconds
[2026-05-18T01:16:50.979+0000] {processor.py:161} INFO - Started process (PID=399) to work on /opt/airflow/dags/gmv_hist_dag.py
[2026-05-18T01:16:50.980+0000] {processor.py:830} INFO - Processing file /opt/airflow/dags/gmv_hist_dag.py for tasks to queue
[2026-05-18T01:16:50.983+0000] {logging_mixin.py:188} INFO - [2026-05-18T01:16:50.981+0000] {dagbag.py:538} INFO - Filling up the DagBag from /opt/airflow/dags/gmv_hist_dag.py
[2026-05-18T01:16:51.020+0000] {processor.py:840} INFO - DAG(s) 'gmv_hist_pipeline' retrieved from /opt/airflow/dags/gmv_hist_dag.py
[2026-05-18T01:16:51.050+0000] {logging_mixin.py:188} INFO - [2026-05-18T01:16:51.050+0000] {dag.py:3036} INFO - Sync 1 DAGs
[2026-05-18T01:16:51.093+0000] {logging_mixin.py:188} INFO - [2026-05-18T01:16:51.092+0000] {dag.py:3823} INFO - Setting next_dagrun for gmv_hist_pipeline to 2026-05-17 06:00:00+00:00, run_after=2026-05-18 06:00:00+00:00
[2026-05-18T01:16:51.117+0000] {processor.py:183} INFO - Processing /opt/airflow/dags/gmv_hist_dag.py took 0.150 seconds
[2026-05-18T01:17:21.230+0000] {processor.py:161} INFO - Started process (PID=404) to work on /opt/airflow/dags/gmv_hist_dag.py
[2026-05-18T01:17:21.232+0000] {processor.py:830} INFO - Processing file /opt/airflow/dags/gmv_hist_dag.py for tasks to queue
[2026-05-18T01:17:21.233+0000] {logging_mixin.py:188} INFO - [2026-05-18T01:17:21.233+0000] {dagbag.py:538} INFO - Filling up the DagBag from /opt/airflow/dags/gmv_hist_dag.py
[2026-05-18T01:17:21.272+0000] {processor.py:840} INFO - DAG(s) 'gmv_hist_pipeline' retrieved from /opt/airflow/dags/gmv_hist_dag.py
[2026-05-18T01:17:21.315+0000] {logging_mixin.py:188} INFO - [2026-05-18T01:17:21.315+0000] {dag.py:3036} INFO - Sync 1 DAGs
[2026-05-18T01:17:21.356+0000] {logging_mixin.py:188} INFO - [2026-05-18T01:17:21.356+0000] {dag.py:3823} INFO - Setting next_dagrun for gmv_hist_pipeline to 2026-05-17 06:00:00+00:00, run_after=2026-05-18 06:00:00+00:00
[2026-05-18T01:17:21.393+0000] {processor.py:183} INFO - Processing /opt/airflow/dags/gmv_hist_dag.py took 0.173 seconds
[2026-05-18T01:17:52.267+0000] {processor.py:161} INFO - Started process (PID=409) to work on /opt/airflow/dags/gmv_hist_dag.py
[2026-05-18T01:17:52.268+0000] {processor.py:830} INFO - Processing file /opt/airflow/dags/gmv_hist_dag.py for tasks to queue
[2026-05-18T01:17:52.269+0000] {logging_mixin.py:188} INFO - [2026-05-18T01:17:52.269+0000] {dagbag.py:538} INFO - Filling up the DagBag from /opt/airflow/dags/gmv_hist_dag.py
[2026-05-18T01:17:52.302+0000] {processor.py:840} INFO - DAG(s) 'gmv_hist_pipeline' retrieved from /opt/airflow/dags/gmv_hist_dag.py
[2026-05-18T01:17:52.335+0000] {logging_mixin.py:188} INFO - [2026-05-18T01:17:52.335+0000] {dag.py:3036} INFO - Sync 1 DAGs
[2026-05-18T01:17:52.392+0000] {logging_mixin.py:188} INFO - [2026-05-18T01:17:52.391+0000] {dag.py:3823} INFO - Setting next_dagrun for gmv_hist_pipeline to 2026-05-17 06:00:00+00:00, run_after=2026-05-18 06:00:00+00:00
[2026-05-18T01:17:52.478+0000] {processor.py:183} INFO - Processing /opt/airflow/dags/gmv_hist_dag.py took 0.216 seconds
[2026-05-18T01:18:23.374+0000] {processor.py:161} INFO - Started process (PID=423) to work on /opt/airflow/dags/gmv_hist_dag.py
[2026-05-18T01:18:23.376+0000] {processor.py:830} INFO - Processing file /opt/airflow/dags/gmv_hist_dag.py for tasks to queue
[2026-05-18T01:18:23.379+0000] {logging_mixin.py:188} INFO - [2026-05-18T01:18:23.377+0000] {dagbag.py:538} INFO - Filling up the DagBag from /opt/airflow/dags/gmv_hist_dag.py
[2026-05-18T01:18:23.464+0000] {processor.py:840} INFO - DAG(s) 'gmv_hist_pipeline' retrieved from /opt/airflow/dags/gmv_hist_dag.py
[2026-05-18T01:18:23.537+0000] {logging_mixin.py:188} INFO - [2026-05-18T01:18:23.536+0000] {dag.py:3036} INFO - Sync 1 DAGs
[2026-05-18T01:18:23.600+0000] {logging_mixin.py:188} INFO - [2026-05-18T01:18:23.600+0000] {dag.py:3823} INFO - Setting next_dagrun for gmv_hist_pipeline to 2026-05-17 06:00:00+00:00, run_after=2026-05-18 06:00:00+00:00
[2026-05-18T01:18:23.665+0000] {processor.py:183} INFO - Processing /opt/airflow/dags/gmv_hist_dag.py took 0.303 seconds
[2026-05-18T01:18:54.193+0000] {processor.py:161} INFO - Started process (PID=435) to work on /opt/airflow/dags/gmv_hist_dag.py
[2026-05-18T01:18:54.196+0000] {processor.py:830} INFO - Processing file /opt/airflow/dags/gmv_hist_dag.py for tasks to queue
[2026-05-18T01:18:54.198+0000] {logging_mixin.py:188} INFO - [2026-05-18T01:18:54.197+0000] {dagbag.py:538} INFO - Filling up the DagBag from /opt/airflow/dags/gmv_hist_dag.py
[2026-05-18T01:18:54.247+0000] {processor.py:840} INFO - DAG(s) 'gmv_hist_pipeline' retrieved from /opt/airflow/dags/gmv_hist_dag.py
[2026-05-18T01:18:54.308+0000] {logging_mixin.py:188} INFO - [2026-05-18T01:18:54.308+0000] {dag.py:3036} INFO - Sync 1 DAGs
[2026-05-18T01:18:54.345+0000] {logging_mixin.py:188} INFO - [2026-05-18T01:18:54.345+0000] {dag.py:3823} INFO - Setting next_dagrun for gmv_hist_pipeline to 2026-05-17 06:00:00+00:00, run_after=2026-05-18 06:00:00+00:00
[2026-05-18T01:18:54.369+0000] {processor.py:183} INFO - Processing /opt/airflow/dags/gmv_hist_dag.py took 0.186 seconds
[2026-05-18T01:19:26.234+0000] {processor.py:161} INFO - Started process (PID=440) to work on /opt/airflow/dags/gmv_hist_dag.py
[2026-05-18T01:19:26.235+0000] {processor.py:830} INFO - Processing file /opt/airflow/dags/gmv_hist_dag.py for tasks to queue
[2026-05-18T01:19:26.237+0000] {logging_mixin.py:188} INFO - [2026-05-18T01:19:26.236+0000] {dagbag.py:538} INFO - Filling up the DagBag from /opt/airflow/dags/gmv_hist_dag.py
[2026-05-18T01:19:26.285+0000] {processor.py:840} INFO - DAG(s) 'gmv_hist_pipeline' retrieved from /opt/airflow/dags/gmv_hist_dag.py
[2026-05-18T01:19:26.321+0000] {logging_mixin.py:188} INFO - [2026-05-18T01:19:26.321+0000] {dag.py:3036} INFO - Sync 1 DAGs
[2026-05-18T01:19:26.374+0000] {logging_mixin.py:188} INFO - [2026-05-18T01:19:26.373+0000] {dag.py:3823} INFO - Setting next_dagrun for gmv_hist_pipeline to 2026-05-17 06:00:00+00:00, run_after=2026-05-18 06:00:00+00:00
[2026-05-18T01:19:26.403+0000] {processor.py:183} INFO - Processing /opt/airflow/dags/gmv_hist_dag.py took 0.174 seconds
[2026-05-18T01:19:57.250+0000] {processor.py:161} INFO - Started process (PID=470) to work on /opt/airflow/dags/gmv_hist_dag.py
[2026-05-18T01:19:57.251+0000] {processor.py:830} INFO - Processing file /opt/airflow/dags/gmv_hist_dag.py for tasks to queue
[2026-05-18T01:19:57.252+0000] {logging_mixin.py:188} INFO - [2026-05-18T01:19:57.252+0000] {dagbag.py:538} INFO - Filling up the DagBag from /opt/airflow/dags/gmv_hist_dag.py
[2026-05-18T01:19:57.353+0000] {processor.py:840} INFO - DAG(s) 'gmv_hist_pipeline' retrieved from /opt/airflow/dags/gmv_hist_dag.py
[2026-05-18T01:19:57.379+0000] {logging_mixin.py:188} INFO - [2026-05-18T01:19:57.379+0000] {dag.py:3036} INFO - Sync 1 DAGs
[2026-05-18T01:19:57.403+0000] {logging_mixin.py:188} INFO - [2026-05-18T01:19:57.402+0000] {dag.py:3823} INFO - Setting next_dagrun for gmv_hist_pipeline to 2026-05-17 06:00:00+00:00, run_after=2026-05-18 06:00:00+00:00
[2026-05-18T01:19:57.424+0000] {processor.py:183} INFO - Processing /opt/airflow/dags/gmv_hist_dag.py took 0.176 seconds
[2026-05-18T01:20:28.262+0000] {processor.py:161} INFO - Started process (PID=476) to work on /opt/airflow/dags/gmv_hist_dag.py
[2026-05-18T01:20:28.264+0000] {processor.py:830} INFO - Processing file /opt/airflow/dags/gmv_hist_dag.py for tasks to queue
[2026-05-18T01:20:28.265+0000] {logging_mixin.py:188} INFO - [2026-05-18T01:20:28.264+0000] {dagbag.py:538} INFO - Filling up the DagBag from /opt/airflow/dags/gmv_hist_dag.py
[2026-05-18T01:20:28.285+0000] {processor.py:840} INFO - DAG(s) 'gmv_hist_pipeline' retrieved from /opt/airflow/dags/gmv_hist_dag.py
[2026-05-18T01:20:28.311+0000] {logging_mixin.py:188} INFO - [2026-05-18T01:20:28.311+0000] {dag.py:3036} INFO - Sync 1 DAGs
[2026-05-18T01:20:28.335+0000] {logging_mixin.py:188} INFO - [2026-05-18T01:20:28.335+0000] {dag.py:3823} INFO - Setting next_dagrun for gmv_hist_pipeline to 2026-05-17 06:00:00+00:00, run_after=2026-05-18 06:00:00+00:00
[2026-05-18T01:20:28.354+0000] {processor.py:183} INFO - Processing /opt/airflow/dags/gmv_hist_dag.py took 0.094 seconds
