[2026-05-15T16:46:22.820+0000] {taskinstance.py:1956} INFO - Dependencies all met for dep_context=non-requeueable deps ti=<TaskInstance: gmv_hist_pipeline.rodar_etl scheduled__2026-05-14T06:00:00+00:00 [queued]>
[2026-05-15T16:46:22.827+0000] {taskinstance.py:1956} INFO - Dependencies all met for dep_context=requeueable deps ti=<TaskInstance: gmv_hist_pipeline.rodar_etl scheduled__2026-05-14T06:00:00+00:00 [queued]>
[2026-05-15T16:46:22.828+0000] {taskinstance.py:2170} INFO - Starting attempt 2 of 3
[2026-05-15T16:46:22.840+0000] {taskinstance.py:2191} INFO - Executing <Task(_PythonDecoratedOperator): rodar_etl> on 2026-05-14 06:00:00+00:00
[2026-05-15T16:46:22.845+0000] {standard_task_runner.py:60} INFO - Started process 332 to run task
[2026-05-15T16:46:22.847+0000] {standard_task_runner.py:87} INFO - Running: ['***', 'tasks', 'run', 'gmv_hist_pipeline', 'rodar_etl', 'scheduled__2026-05-14T06:00:00+00:00', '--job-id', '79', '--raw', '--subdir', 'DAGS_FOLDER/gmv_hist_dag.py', '--cfg-path', '/tmp/tmpinsx9jip']
[2026-05-15T16:46:22.850+0000] {standard_task_runner.py:88} INFO - Job 79: Subtask rodar_etl
[2026-05-15T16:46:22.893+0000] {task_command.py:423} INFO - Running <TaskInstance: gmv_hist_pipeline.rodar_etl scheduled__2026-05-14T06:00:00+00:00 [running]> on host e25b20b177a3
[2026-05-15T16:46:22.966+0000] {taskinstance.py:2480} INFO - Exporting env vars: AIRFLOW_CTX_DAG_OWNER='analytics_engineer' AIRFLOW_CTX_DAG_ID='gmv_hist_pipeline' AIRFLOW_CTX_TASK_ID='rodar_etl' AIRFLOW_CTX_EXECUTION_DATE='2026-05-14T06:00:00+00:00' AIRFLOW_CTX_TRY_NUMBER='2' AIRFLOW_CTX_DAG_RUN_ID='scheduled__2026-05-14T06:00:00+00:00'
[2026-05-15T16:46:23.642+0000] {utils.py:1014} INFO - AST state has not been set explicitly. Defaulting to ast_enabled = True.
[2026-05-15T16:46:24.046+0000] {connection.py:626} INFO - Snowflake Connector for Python Version: 4.5.0, Python Version: 3.11.8, Platform: Linux-5.15.167.4-microsoft-standard-WSL2-x86_64-with-glibc2.36
[2026-05-15T16:46:24.047+0000] {connection.py:1735} INFO - Connecting to GLOBAL Snowflake domain
[2026-05-15T16:46:25.170+0000] {session.py:862} INFO - Snowpark Session information: 
"version" : 1.50.1,
"python.version" : 3.11.8,
"python.connector.version" : 4.5.0,
"python.connector.session.id" : 326700982726722,
"os.name" : Linux

[2026-05-15T16:46:28.240+0000] {session.py:979} INFO - Closing session: 326700982726722
[2026-05-15T16:46:28.241+0000] {session.py:1317} INFO - Canceling all running queries
[2026-05-15T16:46:28.426+0000] {session.py:988} INFO - Closed session: 326700982726722
[2026-05-15T16:46:28.427+0000] {python.py:201} INFO - Done. Returned value was: None
[2026-05-15T16:46:28.436+0000] {taskinstance.py:1138} INFO - Marking task as SUCCESS. dag_id=gmv_hist_pipeline, task_id=rodar_etl, execution_date=20260514T060000, start_date=20260515T164622, end_date=20260515T164628
[2026-05-15T16:46:28.458+0000] {local_task_job_runner.py:234} INFO - Task exited with return code 0
[2026-05-15T16:46:28.474+0000] {taskinstance.py:3280} INFO - 1 downstream tasks scheduled from follow-on schedule check
