[2026-05-15T16:41:19.398+0000] {taskinstance.py:1956} INFO - Dependencies all met for dep_context=non-requeueable deps ti=<TaskInstance: gmv_hist_pipeline.rodar_etl scheduled__2026-05-14T06:00:00+00:00 [queued]>
[2026-05-15T16:41:19.405+0000] {taskinstance.py:1956} INFO - Dependencies all met for dep_context=requeueable deps ti=<TaskInstance: gmv_hist_pipeline.rodar_etl scheduled__2026-05-14T06:00:00+00:00 [queued]>
[2026-05-15T16:41:19.405+0000] {taskinstance.py:2170} INFO - Starting attempt 1 of 3
[2026-05-15T16:41:19.441+0000] {taskinstance.py:2191} INFO - Executing <Task(_PythonDecoratedOperator): rodar_etl> on 2026-05-14 06:00:00+00:00
[2026-05-15T16:41:19.445+0000] {standard_task_runner.py:60} INFO - Started process 245 to run task
[2026-05-15T16:41:19.448+0000] {standard_task_runner.py:87} INFO - Running: ['***', 'tasks', 'run', 'gmv_hist_pipeline', 'rodar_etl', 'scheduled__2026-05-14T06:00:00+00:00', '--job-id', '76', '--raw', '--subdir', 'DAGS_FOLDER/gmv_hist_dag.py', '--cfg-path', '/tmp/tmpb3emqbmb']
[2026-05-15T16:41:19.451+0000] {standard_task_runner.py:88} INFO - Job 76: Subtask rodar_etl
[2026-05-15T16:41:19.500+0000] {task_command.py:423} INFO - Running <TaskInstance: gmv_hist_pipeline.rodar_etl scheduled__2026-05-14T06:00:00+00:00 [running]> on host e25b20b177a3
[2026-05-15T16:41:19.574+0000] {taskinstance.py:2480} INFO - Exporting env vars: AIRFLOW_CTX_DAG_OWNER='analytics_engineer' AIRFLOW_CTX_DAG_ID='gmv_hist_pipeline' AIRFLOW_CTX_TASK_ID='rodar_etl' AIRFLOW_CTX_EXECUTION_DATE='2026-05-14T06:00:00+00:00' AIRFLOW_CTX_TRY_NUMBER='1' AIRFLOW_CTX_DAG_RUN_ID='scheduled__2026-05-14T06:00:00+00:00'
[2026-05-15T16:41:20.328+0000] {utils.py:1014} INFO - AST state has not been set explicitly. Defaulting to ast_enabled = True.
[2026-05-15T16:41:20.902+0000] {connection.py:626} INFO - Snowflake Connector for Python Version: 4.5.0, Python Version: 3.11.8, Platform: Linux-5.15.167.4-microsoft-standard-WSL2-x86_64-with-glibc2.36
[2026-05-15T16:41:20.902+0000] {connection.py:1735} INFO - Connecting to GLOBAL Snowflake domain
[2026-05-15T16:41:21.895+0000] {session.py:862} INFO - Snowpark Session information: 
"version" : 1.50.1,
"python.version" : 3.11.8,
"python.connector.version" : 4.5.0,
"python.connector.session.id" : 326700982730758,
"os.name" : Linux

[2026-05-15T16:41:21.897+0000] {taskinstance.py:2698} ERROR - Task failed with exception
Traceback (most recent call last):
  File "/home/airflow/.local/lib/python3.11/site-packages/airflow/models/taskinstance.py", line 433, in _execute_task
    result = execute_callable(context=context, **execute_callable_kwargs)
             ^^^^^^^^^^^^^^^^^^^^^^^^^^^^^^^^^^^^^^^^^^^^^^^^^^^^^^^^^^^^
  File "/home/airflow/.local/lib/python3.11/site-packages/airflow/decorators/base.py", line 241, in execute
    return_value = super().execute(context)
                   ^^^^^^^^^^^^^^^^^^^^^^^^
  File "/home/airflow/.local/lib/python3.11/site-packages/airflow/operators/python.py", line 199, in execute
    return_value = self.execute_callable()
                   ^^^^^^^^^^^^^^^^^^^^^^^
  File "/home/airflow/.local/lib/python3.11/site-packages/airflow/operators/python.py", line 216, in execute_callable
    return self.python_callable(*self.op_args, **self.op_kwargs)
           ^^^^^^^^^^^^^^^^^^^^^^^^^^^^^^^^^^^^^^^^^^^^^^^^^^^^^
  File "/opt/airflow/dags/gmv_hist_dag.py", line 48, in rodar_etl
    sql = SQL_PATH.read_text().format(ref_date=ref_date)
          ^^^^^^^^^^^^^^^^^^^^
  File "/usr/local/lib/python3.11/pathlib.py", line 1058, in read_text
    with self.open(mode='r', encoding=encoding, errors=errors) as f:
         ^^^^^^^^^^^^^^^^^^^^^^^^^^^^^^^^^^^^^^^^^^^^^^^^^^^^^
  File "/usr/local/lib/python3.11/pathlib.py", line 1044, in open
    return io.open(self, mode, buffering, encoding, errors, newline)
           ^^^^^^^^^^^^^^^^^^^^^^^^^^^^^^^^^^^^^^^^^^^^^^^^^^^^^^^^^
FileNotFoundError: [Errno 2] No such file or directory: '/opt/airflow/project/queries/gmv_hist.sql'
[2026-05-15T16:41:21.912+0000] {taskinstance.py:1138} INFO - Marking task as UP_FOR_RETRY. dag_id=gmv_hist_pipeline, task_id=rodar_etl, execution_date=20260514T060000, start_date=20260515T164119, end_date=20260515T164121
[2026-05-15T16:41:21.944+0000] {standard_task_runner.py:107} ERROR - Failed to execute job 76 for task rodar_etl ([Errno 2] No such file or directory: '/opt/airflow/project/queries/gmv_hist.sql'; 245)
[2026-05-15T16:41:21.957+0000] {local_task_job_runner.py:234} INFO - Task exited with return code 1
[2026-05-15T16:41:21.976+0000] {taskinstance.py:3280} INFO - 0 downstream tasks scheduled from follow-on schedule check
