[2026-05-18T01:19:47.175+0000] {taskinstance.py:1956} INFO - Dependencies all met for dep_context=non-requeueable deps ti=<TaskInstance: gmv_hist_pipeline.rodar_etl manual__2026-05-18T01:18:15.785931+00:00 [queued]>
[2026-05-18T01:19:47.184+0000] {taskinstance.py:1956} INFO - Dependencies all met for dep_context=requeueable deps ti=<TaskInstance: gmv_hist_pipeline.rodar_etl manual__2026-05-18T01:18:15.785931+00:00 [queued]>
[2026-05-18T01:19:47.184+0000] {taskinstance.py:2170} INFO - Starting attempt 1 of 3
[2026-05-18T01:19:47.194+0000] {taskinstance.py:2191} INFO - Executing <Task(_PythonDecoratedOperator): rodar_etl> on 2026-05-18 01:18:15.785931+00:00
[2026-05-18T01:19:47.199+0000] {standard_task_runner.py:60} INFO - Started process 446 to run task
[2026-05-18T01:19:47.201+0000] {standard_task_runner.py:87} INFO - Running: ['***', 'tasks', 'run', 'gmv_hist_pipeline', 'rodar_etl', 'manual__2026-05-18T01:18:15.785931+00:00', '--job-id', '85', '--raw', '--subdir', 'DAGS_FOLDER/gmv_hist_dag.py', '--cfg-path', '/tmp/tmpxkfzerp8']
[2026-05-18T01:19:47.203+0000] {standard_task_runner.py:88} INFO - Job 85: Subtask rodar_etl
[2026-05-18T01:19:47.241+0000] {task_command.py:423} INFO - Running <TaskInstance: gmv_hist_pipeline.rodar_etl manual__2026-05-18T01:18:15.785931+00:00 [running]> on host 71dc8a46f212
[2026-05-18T01:19:47.305+0000] {taskinstance.py:2480} INFO - Exporting env vars: AIRFLOW_CTX_DAG_OWNER='analytics_engineer' AIRFLOW_CTX_DAG_ID='gmv_hist_pipeline' AIRFLOW_CTX_TASK_ID='rodar_etl' AIRFLOW_CTX_EXECUTION_DATE='2026-05-18T01:18:15.785931+00:00' AIRFLOW_CTX_TRY_NUMBER='1' AIRFLOW_CTX_DAG_RUN_ID='manual__2026-05-18T01:18:15.785931+00:00'
[2026-05-18T01:19:47.903+0000] {utils.py:1014} INFO - AST state has not been set explicitly. Defaulting to ast_enabled = True.
[2026-05-18T01:19:48.418+0000] {connection.py:626} INFO - Snowflake Connector for Python Version: 4.5.0, Python Version: 3.11.8, Platform: Linux-5.15.167.4-microsoft-standard-WSL2-x86_64-with-glibc2.36
[2026-05-18T01:19:48.419+0000] {connection.py:1735} INFO - Connecting to GLOBAL Snowflake domain
[2026-05-18T01:19:49.394+0000] {session.py:862} INFO - Snowpark Session information: 
"version" : 1.50.1,
"python.version" : 3.11.8,
"python.connector.version" : 4.5.0,
"python.connector.session.id" : 326700982727714,
"os.name" : Linux

[2026-05-18T01:19:50.181+0000] {session.py:979} INFO - Closing session: 326700982727714
[2026-05-18T01:19:50.183+0000] {session.py:1317} INFO - Canceling all running queries
[2026-05-18T01:19:50.332+0000] {session.py:988} INFO - Closed session: 326700982727714
[2026-05-18T01:19:50.333+0000] {python.py:201} INFO - Done. Returned value was: None
[2026-05-18T01:19:50.343+0000] {taskinstance.py:1138} INFO - Marking task as SUCCESS. dag_id=gmv_hist_pipeline, task_id=rodar_etl, execution_date=20260518T011815, start_date=20260518T011947, end_date=20260518T011950
[2026-05-18T01:19:50.367+0000] {local_task_job_runner.py:234} INFO - Task exited with return code 0
[2026-05-18T01:19:50.387+0000] {taskinstance.py:3280} INFO - 1 downstream tasks scheduled from follow-on schedule check
